<?xml version="1.0" encoding="UTF-8"?>
<!-- Generated by org.testng.reporters.JUnitXMLReporter -->
<testsuite ignored="0" hostname="LAPTOP-N7T8FIF4" failures="0" tests="4" name="regression" time="17.699" errors="0" timestamp="2022-11-01T23:05:03 IST">
  <testcase classname="com.supermarket1.tests.ManageDeliveryBoyTest" name="verify_ManageDeliveryBoy" time="5.075"/>
  <testcase classname="com.supermarket1.tests.DashBoardTest" name="verify_BackGroundColor" time="0.691"/>
  <testcase classname="com.supermarket1.tests.DashBoardTest" name="verify_FontSize" time="0.63"/>
  <testcase classname="com.supermarket1.tests.DashBoardTest" name="verify_IConIsDisplayedOrNot" time="0.709"/>
</testsuite> <!-- regression -->
