<?xml version="1.0" encoding="UTF-8"?>
<!-- Generated by org.testng.reporters.JUnitXMLReporter -->
<testsuite ignored="1" hostname="LAPTOP-N7T8FIF4" failures="0" tests="3" name="Default test" time="46.613" errors="0" timestamp="2022-11-09T22:39:56 IST">
  <testcase classname="com.supermarket1.tests.AdminusersTest" name="verify_SearchAdminUsersInformations" time="2.034"/>
  <testcase classname="com.supermarket1.tests.AdminusersTest" name="verify_SearchAdminUsersInformations" time="1.968"/>
  <testcase classname="com.supermarket1.tests.AdminusersTest" name="verify_SearchAdminUsersInformations" time="2.277"/>
  <testcase classname="com.supermarket1.tests.AdminusersTest" name="verify_AdminUsersInformations" time="0.0">
    <ignored/>
  </testcase> <!-- verify_AdminUsersInformations -->
</testsuite> <!-- Default test -->
