<?xml version="1.0" encoding="UTF-8"?>
<testng-results ignored="0" total="51" passed="34" failed="17" skipped="0">
  <reporter-output>
  </reporter-output>
  <suite started-at="2022-11-10T10:55:11 IST" name="Regression build run" finished-at="2022-11-10T11:01:31 IST" duration-ms="380011">
    <groups>
      <group name="smoke">
        <method signature="LogInTest.verify_LogIn()[pri:0, instance:com.supermarket1.tests.LogInTest@5b7a5baa]" name="verify_LogIn" class="com.supermarket1.tests.LogInTest"/>
        <method signature="ManageContentTest.verify_UpDateOptionForManageFooterPage()[pri:0, instance:com.supermarket1.tests.ManageContentTest@7c7a06ec]" name="verify_UpDateOptionForManageFooterPage" class="com.supermarket1.tests.ManageContentTest"/>
        <method signature="ManageSliderTest.verify_EnterLocationInformations()[pri:0, instance:com.supermarket1.tests.ManageSliderTest@1ce24091]" name="verify_EnterLocationInformations" class="com.supermarket1.tests.ManageSliderTest"/>
        <method signature="MobileSliderTest.verify_StatusOptionForListOfMobileSlider()[pri:0, instance:com.supermarket1.tests.MobileSliderTest@7a8c8dcf]" name="verify_StatusOptionForListOfMobileSlider" class="com.supermarket1.tests.MobileSliderTest"/>
      </group> <!-- smoke -->
      <group name="sanity">
        <method signature="LogInTest.Verify_RememberMeCheckBox()[pri:0, instance:com.supermarket1.tests.LogInTest@5b7a5baa]" name="Verify_RememberMeCheckBox" class="com.supermarket1.tests.LogInTest"/>
        <method signature="ManageContentTest.verify_UpDateOptionForManageFooterPage()[pri:0, instance:com.supermarket1.tests.ManageContentTest@7c7a06ec]" name="verify_UpDateOptionForManageFooterPage" class="com.supermarket1.tests.ManageContentTest"/>
        <method signature="ManageLocationTest.verify_EnterLocationInformations()[pri:0, instance:com.supermarket1.tests.ManageLocationTest@4d1c00d0]" name="verify_EnterLocationInformations" class="com.supermarket1.tests.ManageLocationTest"/>
        <method signature="MobileSliderTest.verify_AddingNewListOfMobileSlider()[pri:0, instance:com.supermarket1.tests.MobileSliderTest@7a8c8dcf]" name="verify_AddingNewListOfMobileSlider" class="com.supermarket1.tests.MobileSliderTest"/>
      </group> <!-- sanity -->
    </groups>
    <test started-at="2022-11-10T10:55:11 IST" name="Run Module 3" finished-at="2022-11-10T10:56:56 IST" duration-ms="105669">
      <class name="com.supermarket1.tests.PushNotificationTest">
        <test-method is-config="true" signature="setUp()[pri:0, instance:com.supermarket1.tests.PushNotificationTest@24269709]" started-at="2022-11-10T10:56:51 IST" name="setUp" finished-at="2022-11-10T10:56:53 IST" duration-ms="1865" status="PASS">
          <reporter-output>
          </reporter-output>
        </test-method> <!-- setUp -->
        <test-method signature="verify_PushNotification()[pri:0, instance:com.supermarket1.tests.PushNotificationTest@24269709]" started-at="2022-11-10T10:56:53 IST" name="verify_PushNotification" finished-at="2022-11-10T10:56:56 IST" duration-ms="3563" status="PASS">
          <reporter-output>
          </reporter-output>
        </test-method> <!-- verify_PushNotification -->
        <test-method is-config="true" signature="tearDown(org.testng.ITestResult)[pri:0, instance:com.supermarket1.tests.PushNotificationTest@24269709]" started-at="2022-11-10T10:56:56 IST" name="tearDown" finished-at="2022-11-10T10:56:56 IST" duration-ms="93" status="PASS">
          <params>
            <param index="0">
              <value>
                <![CDATA[[TestResult name=verify_PushNotification status=SUCCESS method=PushNotificationTest.verify_PushNotification()[pri:0, instance:com.supermarket1.tests.PushNotificationTest@24269709] output={null}]]]>
              </value>
            </param>
          </params>
          <reporter-output>
          </reporter-output>
        </test-method> <!-- tearDown -->
      </class> <!-- com.supermarket1.tests.PushNotificationTest -->
      <class name="com.supermarket1.tests.MobileSliderTest">
        <test-method is-config="true" signature="setUp()[pri:0, instance:com.supermarket1.tests.MobileSliderTest@7a8c8dcf]" started-at="2022-11-10T10:55:47 IST" name="setUp" finished-at="2022-11-10T10:55:49 IST" duration-ms="1643" status="PASS">
          <reporter-output>
          </reporter-output>
        </test-method> <!-- setUp -->
        <test-method signature="verify_AddingNewListOfMobileSlider()[pri:0, instance:com.supermarket1.tests.MobileSliderTest@7a8c8dcf]" started-at="2022-11-10T10:55:49 IST" name="verify_AddingNewListOfMobileSlider" finished-at="2022-11-10T10:56:04 IST" duration-ms="14933" status="FAIL">
          <exception class="org.openqa.selenium.NoSuchElementException">
            <message>
              <![CDATA[no such element: Unable to locate element: {"method":"xpath","selector":"//img[@src='https://groceryapp.uniqassosiates.com/public/uploads/small/1667726156_f3e737d7ac87f34c2e44.png']"}
  (Session info: chrome=107.0.5304.107)
For documentation on this error, please visit: https://selenium.dev/exceptions/#no_such_element
Build info: version: '4.3.0', revision: 'a4995e2c09*'
System info: host: 'LAPTOP-N7T8FIF4', ip: '192.168.18.69', os.name: 'Windows 11', os.arch: 'amd64', os.version: '10.0', java.version: '17.0.3.1'
Driver info: org.openqa.selenium.chrome.ChromeDriver
Command: [5cac60ddb81868e7221db4dd0fca67b0, findElement {using=xpath, value=//img[@src='https://groceryapp.uniqassosiates.com/public/uploads/small/1667726156_f3e737d7ac87f34c2e44.png']}]
Capabilities {acceptInsecureCerts: false, browserName: chrome, browserVersion: 107.0.5304.107, chrome: {chromedriverVersion: 107.0.5304.62 (1eec40d3a576..., userDataDir: C:\Users\lenovo\AppData\Loc...}, goog:chromeOptions: {debuggerAddress: localhost:54925}, networkConnectionEnabled: false, pageLoadStrategy: normal, platformName: WINDOWS, proxy: Proxy(), se:cdp: ws://localhost:54925/devtoo..., se:cdpVersion: 107.0.5304.107, setWindowRect: true, strictFileInteractability: false, timeouts: {implicit: 0, pageLoad: 300000, script: 30000}, unhandledPromptBehavior: dismiss and notify, webauthn:extension:credBlob: true, webauthn:extension:largeBlob: true, webauthn:virtualAuthenticators: true}
Session ID: 5cac60ddb81868e7221db4dd0fca67b0]]>
            </message>
            <full-stacktrace>
              <![CDATA[org.openqa.selenium.NoSuchElementException: no such element: Unable to locate element: {"method":"xpath","selector":"//img[@src='https://groceryapp.uniqassosiates.com/public/uploads/small/1667726156_f3e737d7ac87f34c2e44.png']"}
  (Session info: chrome=107.0.5304.107)
For documentation on this error, please visit: https://selenium.dev/exceptions/#no_such_element
Build info: version: '4.3.0', revision: 'a4995e2c09*'
System info: host: 'LAPTOP-N7T8FIF4', ip: '192.168.18.69', os.name: 'Windows 11', os.arch: 'amd64', os.version: '10.0', java.version: '17.0.3.1'
Driver info: org.openqa.selenium.chrome.ChromeDriver
Command: [5cac60ddb81868e7221db4dd0fca67b0, findElement {using=xpath, value=//img[@src='https://groceryapp.uniqassosiates.com/public/uploads/small/1667726156_f3e737d7ac87f34c2e44.png']}]
Capabilities {acceptInsecureCerts: false, browserName: chrome, browserVersion: 107.0.5304.107, chrome: {chromedriverVersion: 107.0.5304.62 (1eec40d3a576..., userDataDir: C:\Users\lenovo\AppData\Loc...}, goog:chromeOptions: {debuggerAddress: localhost:54925}, networkConnectionEnabled: false, pageLoadStrategy: normal, platformName: WINDOWS, proxy: Proxy(), se:cdp: ws://localhost:54925/devtoo..., se:cdpVersion: 107.0.5304.107, setWindowRect: true, strictFileInteractability: false, timeouts: {implicit: 0, pageLoad: 300000, script: 30000}, unhandledPromptBehavior: dismiss and notify, webauthn:extension:credBlob: true, webauthn:extension:largeBlob: true, webauthn:virtualAuthenticators: true}
Session ID: 5cac60ddb81868e7221db4dd0fca67b0
at java.base/jdk.internal.reflect.NativeConstructorAccessorImpl.newInstance0(Native Method)
at java.base/jdk.internal.reflect.NativeConstructorAccessorImpl.newInstance(NativeConstructorAccessorImpl.java:77)
at java.base/jdk.internal.reflect.DelegatingConstructorAccessorImpl.newInstance(DelegatingConstructorAccessorImpl.java:45)
at java.base/java.lang.reflect.Constructor.newInstanceWithCaller(Constructor.java:499)
at java.base/java.lang.reflect.Constructor.newInstance(Constructor.java:480)
at org.openqa.selenium.remote.codec.w3c.W3CHttpResponseCodec.createException(W3CHttpResponseCodec.java:200)
at org.openqa.selenium.remote.codec.w3c.W3CHttpResponseCodec.decode(W3CHttpResponseCodec.java:133)
at org.openqa.selenium.remote.codec.w3c.W3CHttpResponseCodec.decode(W3CHttpResponseCodec.java:53)
at org.openqa.selenium.remote.HttpCommandExecutor.execute(HttpCommandExecutor.java:184)
at org.openqa.selenium.remote.service.DriverCommandExecutor.invokeExecute(DriverCommandExecutor.java:167)
at org.openqa.selenium.remote.service.DriverCommandExecutor.execute(DriverCommandExecutor.java:142)
at org.openqa.selenium.remote.RemoteWebDriver.execute(RemoteWebDriver.java:569)
at org.openqa.selenium.remote.ElementLocation$ElementFinder$2.findElement(ElementLocation.java:162)
at org.openqa.selenium.remote.ElementLocation.findElement(ElementLocation.java:60)
at org.openqa.selenium.remote.RemoteWebDriver.findElement(RemoteWebDriver.java:387)
at org.openqa.selenium.remote.RemoteWebDriver.findElement(RemoteWebDriver.java:379)
at org.openqa.selenium.support.pagefactory.DefaultElementLocator.findElement(DefaultElementLocator.java:70)
at org.openqa.selenium.support.pagefactory.internal.LocatingElementHandler.invoke(LocatingElementHandler.java:39)
at jdk.proxy2/jdk.proxy2.$Proxy17.isDisplayed(Unknown Source)
at com.supermarket1.utilities.GeneralUtility.is_Displayed(GeneralUtility.java:22)
at com.supermarket1.pages.MobileSliderPage.savedImage_Displayed(MobileSliderPage.java:62)
at com.supermarket1.tests.MobileSliderTest.verify_AddingNewListOfMobileSlider(MobileSliderTest.java:28)
at java.base/jdk.internal.reflect.NativeMethodAccessorImpl.invoke0(Native Method)
at java.base/jdk.internal.reflect.NativeMethodAccessorImpl.invoke(NativeMethodAccessorImpl.java:77)
at java.base/jdk.internal.reflect.DelegatingMethodAccessorImpl.invoke(DelegatingMethodAccessorImpl.java:43)
at java.base/java.lang.reflect.Method.invoke(Method.java:568)
at org.testng.internal.MethodInvocationHelper.invokeMethod(MethodInvocationHelper.java:133)
at org.testng.internal.TestInvoker.invokeMethod(TestInvoker.java:598)
at org.testng.internal.TestInvoker.invokeTestMethod(TestInvoker.java:173)
at org.testng.internal.MethodRunner.runInSequence(MethodRunner.java:46)
at org.testng.internal.TestInvoker$MethodInvocationAgent.invoke(TestInvoker.java:824)
at org.testng.internal.TestInvoker.invokeTestMethods(TestInvoker.java:146)
at org.testng.internal.TestMethodWorker.invokeTestMethods(TestMethodWorker.java:146)
at org.testng.internal.TestMethodWorker.run(TestMethodWorker.java:128)
at java.base/java.util.ArrayList.forEach(ArrayList.java:1511)
at org.testng.TestRunner.privateRun(TestRunner.java:794)
at org.testng.TestRunner.run(TestRunner.java:596)
at org.testng.SuiteRunner.runTest(SuiteRunner.java:377)
at org.testng.SuiteRunner.access$000(SuiteRunner.java:28)
at org.testng.SuiteRunner$SuiteWorker.run(SuiteRunner.java:418)
at org.testng.internal.thread.ThreadUtil.lambda$execute$0(ThreadUtil.java:64)
at java.base/java.util.concurrent.FutureTask.run(FutureTask.java:264)
at java.base/java.util.concurrent.ThreadPoolExecutor.runWorker(ThreadPoolExecutor.java:1136)
at java.base/java.util.concurrent.ThreadPoolExecutor$Worker.run(ThreadPoolExecutor.java:635)
at java.base/java.lang.Thread.run(Thread.java:833)
]]>
            </full-stacktrace>
          </exception> <!-- org.openqa.selenium.NoSuchElementException -->
          <reporter-output>
          </reporter-output>
        </test-method> <!-- verify_AddingNewListOfMobileSlider -->
        <test-method is-config="true" signature="tearDown(org.testng.ITestResult)[pri:0, instance:com.supermarket1.tests.MobileSliderTest@7a8c8dcf]" started-at="2022-11-10T10:56:04 IST" name="tearDown" finished-at="2022-11-10T10:56:20 IST" duration-ms="16418" status="PASS">
          <params>
            <param index="0">
              <value>
                <![CDATA[[TestResult name=verify_AddingNewListOfMobileSlider status=FAILURE method=MobileSliderTest.verify_AddingNewListOfMobileSlider()[pri:0, instance:com.supermarket1.tests.MobileSliderTest@7a8c8dcf] output={null}]]]>
              </value>
            </param>
          </params>
          <reporter-output>
          </reporter-output>
        </test-method> <!-- tearDown -->
        <test-method is-config="true" signature="setUp()[pri:0, instance:com.supermarket1.tests.MobileSliderTest@7a8c8dcf]" started-at="2022-11-10T10:56:20 IST" name="setUp" finished-at="2022-11-10T10:56:22 IST" duration-ms="1952" status="PASS">
          <reporter-output>
          </reporter-output>
        </test-method> <!-- setUp -->
        <test-method signature="verify_StatusOptionForListOfMobileSlider()[pri:0, instance:com.supermarket1.tests.MobileSliderTest@7a8c8dcf]" started-at="2022-11-10T10:56:22 IST" name="verify_StatusOptionForListOfMobileSlider" finished-at="2022-11-10T10:56:34 IST" duration-ms="12138" status="FAIL">
          <exception class="org.openqa.selenium.NoSuchElementException">
            <message>
              <![CDATA[no such element: Unable to locate element: {"method":"xpath","selector":"//a[@href='https://groceryapp.uniqassosiates.com/admin/Mobileslider/status?id=206&st=inactive&page_ad=1']"}
  (Session info: chrome=107.0.5304.107)
For documentation on this error, please visit: https://selenium.dev/exceptions/#no_such_element
Build info: version: '4.3.0', revision: 'a4995e2c09*'
System info: host: 'LAPTOP-N7T8FIF4', ip: '192.168.18.69', os.name: 'Windows 11', os.arch: 'amd64', os.version: '10.0', java.version: '17.0.3.1'
Driver info: org.openqa.selenium.chrome.ChromeDriver
Command: [a21aa760b309b5dd47c58b9fa0bc067f, findElement {using=xpath, value=//a[@href='https://groceryapp.uniqassosiates.com/admin/Mobileslider/status?id=206&st=inactive&page_ad=1']}]
Capabilities {acceptInsecureCerts: false, browserName: chrome, browserVersion: 107.0.5304.107, chrome: {chromedriverVersion: 107.0.5304.62 (1eec40d3a576..., userDataDir: C:\Users\lenovo\AppData\Loc...}, goog:chromeOptions: {debuggerAddress: localhost:55092}, networkConnectionEnabled: false, pageLoadStrategy: normal, platformName: WINDOWS, proxy: Proxy(), se:cdp: ws://localhost:55092/devtoo..., se:cdpVersion: 107.0.5304.107, setWindowRect: true, strictFileInteractability: false, timeouts: {implicit: 0, pageLoad: 300000, script: 30000}, unhandledPromptBehavior: dismiss and notify, webauthn:extension:credBlob: true, webauthn:extension:largeBlob: true, webauthn:virtualAuthenticators: true}
Session ID: a21aa760b309b5dd47c58b9fa0bc067f]]>
            </message>
            <full-stacktrace>
              <![CDATA[org.openqa.selenium.NoSuchElementException: no such element: Unable to locate element: {"method":"xpath","selector":"//a[@href='https://groceryapp.uniqassosiates.com/admin/Mobileslider/status?id=206&st=inactive&page_ad=1']"}
  (Session info: chrome=107.0.5304.107)
For documentation on this error, please visit: https://selenium.dev/exceptions/#no_such_element
Build info: version: '4.3.0', revision: 'a4995e2c09*'
System info: host: 'LAPTOP-N7T8FIF4', ip: '192.168.18.69', os.name: 'Windows 11', os.arch: 'amd64', os.version: '10.0', java.version: '17.0.3.1'
Driver info: org.openqa.selenium.chrome.ChromeDriver
Command: [a21aa760b309b5dd47c58b9fa0bc067f, findElement {using=xpath, value=//a[@href='https://groceryapp.uniqassosiates.com/admin/Mobileslider/status?id=206&st=inactive&page_ad=1']}]
Capabilities {acceptInsecureCerts: false, browserName: chrome, browserVersion: 107.0.5304.107, chrome: {chromedriverVersion: 107.0.5304.62 (1eec40d3a576..., userDataDir: C:\Users\lenovo\AppData\Loc...}, goog:chromeOptions: {debuggerAddress: localhost:55092}, networkConnectionEnabled: false, pageLoadStrategy: normal, platformName: WINDOWS, proxy: Proxy(), se:cdp: ws://localhost:55092/devtoo..., se:cdpVersion: 107.0.5304.107, setWindowRect: true, strictFileInteractability: false, timeouts: {implicit: 0, pageLoad: 300000, script: 30000}, unhandledPromptBehavior: dismiss and notify, webauthn:extension:credBlob: true, webauthn:extension:largeBlob: true, webauthn:virtualAuthenticators: true}
Session ID: a21aa760b309b5dd47c58b9fa0bc067f
at java.base/jdk.internal.reflect.NativeConstructorAccessorImpl.newInstance0(Native Method)
at java.base/jdk.internal.reflect.NativeConstructorAccessorImpl.newInstance(NativeConstructorAccessorImpl.java:77)
at java.base/jdk.internal.reflect.DelegatingConstructorAccessorImpl.newInstance(DelegatingConstructorAccessorImpl.java:45)
at java.base/java.lang.reflect.Constructor.newInstanceWithCaller(Constructor.java:499)
at java.base/java.lang.reflect.Constructor.newInstance(Constructor.java:480)
at org.openqa.selenium.remote.codec.w3c.W3CHttpResponseCodec.createException(W3CHttpResponseCodec.java:200)
at org.openqa.selenium.remote.codec.w3c.W3CHttpResponseCodec.decode(W3CHttpResponseCodec.java:133)
at org.openqa.selenium.remote.codec.w3c.W3CHttpResponseCodec.decode(W3CHttpResponseCodec.java:53)
at org.openqa.selenium.remote.HttpCommandExecutor.execute(HttpCommandExecutor.java:184)
at org.openqa.selenium.remote.service.DriverCommandExecutor.invokeExecute(DriverCommandExecutor.java:167)
at org.openqa.selenium.remote.service.DriverCommandExecutor.execute(DriverCommandExecutor.java:142)
at org.openqa.selenium.remote.RemoteWebDriver.execute(RemoteWebDriver.java:569)
at org.openqa.selenium.remote.ElementLocation$ElementFinder$2.findElement(ElementLocation.java:162)
at org.openqa.selenium.remote.ElementLocation.findElement(ElementLocation.java:60)
at org.openqa.selenium.remote.RemoteWebDriver.findElement(RemoteWebDriver.java:387)
at org.openqa.selenium.remote.RemoteWebDriver.findElement(RemoteWebDriver.java:379)
at org.openqa.selenium.support.pagefactory.DefaultElementLocator.findElement(DefaultElementLocator.java:70)
at org.openqa.selenium.support.pagefactory.internal.LocatingElementHandler.invoke(LocatingElementHandler.java:39)
at jdk.proxy2/jdk.proxy2.$Proxy17.click(Unknown Source)
at com.supermarket1.pages.MobileSliderPage.click_StatusOption(MobileSliderPage.java:66)
at com.supermarket1.tests.MobileSliderTest.verify_StatusOptionForListOfMobileSlider(MobileSliderTest.java:37)
at java.base/jdk.internal.reflect.NativeMethodAccessorImpl.invoke0(Native Method)
at java.base/jdk.internal.reflect.NativeMethodAccessorImpl.invoke(NativeMethodAccessorImpl.java:77)
at java.base/jdk.internal.reflect.DelegatingMethodAccessorImpl.invoke(DelegatingMethodAccessorImpl.java:43)
at java.base/java.lang.reflect.Method.invoke(Method.java:568)
at org.testng.internal.MethodInvocationHelper.invokeMethod(MethodInvocationHelper.java:133)
at org.testng.internal.TestInvoker.invokeMethod(TestInvoker.java:598)
at org.testng.internal.TestInvoker.invokeTestMethod(TestInvoker.java:173)
at org.testng.internal.MethodRunner.runInSequence(MethodRunner.java:46)
at org.testng.internal.TestInvoker$MethodInvocationAgent.invoke(TestInvoker.java:824)
at org.testng.internal.TestInvoker.invokeTestMethods(TestInvoker.java:146)
at org.testng.internal.TestMethodWorker.invokeTestMethods(TestMethodWorker.java:146)
at org.testng.internal.TestMethodWorker.run(TestMethodWorker.java:128)
at java.base/java.util.ArrayList.forEach(ArrayList.java:1511)
at org.testng.TestRunner.privateRun(TestRunner.java:794)
at org.testng.TestRunner.run(TestRunner.java:596)
at org.testng.SuiteRunner.runTest(SuiteRunner.java:377)
at org.testng.SuiteRunner.access$000(SuiteRunner.java:28)
at org.testng.SuiteRunner$SuiteWorker.run(SuiteRunner.java:418)
at org.testng.internal.thread.ThreadUtil.lambda$execute$0(ThreadUtil.java:64)
at java.base/java.util.concurrent.FutureTask.run(FutureTask.java:264)
at java.base/java.util.concurrent.ThreadPoolExecutor.runWorker(ThreadPoolExecutor.java:1136)
at java.base/java.util.concurrent.ThreadPoolExecutor$Worker.run(ThreadPoolExecutor.java:635)
at java.base/java.lang.Thread.run(Thread.java:833)
]]>
            </full-stacktrace>
          </exception> <!-- org.openqa.selenium.NoSuchElementException -->
          <reporter-output>
          </reporter-output>
        </test-method> <!-- verify_StatusOptionForListOfMobileSlider -->
        <test-method is-config="true" signature="tearDown(org.testng.ITestResult)[pri:0, instance:com.supermarket1.tests.MobileSliderTest@7a8c8dcf]" started-at="2022-11-10T10:56:34 IST" name="tearDown" finished-at="2022-11-10T10:56:51 IST" duration-ms="16461" status="PASS">
          <params>
            <param index="0">
              <value>
                <![CDATA[[TestResult name=verify_StatusOptionForListOfMobileSlider status=FAILURE method=MobileSliderTest.verify_StatusOptionForListOfMobileSlider()[pri:0, instance:com.supermarket1.tests.MobileSliderTest@7a8c8dcf] output={null}]]]>
              </value>
            </param>
          </params>
          <reporter-output>
          </reporter-output>
        </test-method> <!-- tearDown -->
      </class> <!-- com.supermarket1.tests.MobileSliderTest -->
      <class name="com.supermarket1.tests.ManageUsersTest">
        <test-method is-config="true" signature="setUp()[pri:0, instance:com.supermarket1.tests.ManageUsersTest@5dda768f]" started-at="2022-11-10T10:55:42 IST" name="setUp" finished-at="2022-11-10T10:55:44 IST" duration-ms="1765" status="PASS">
          <reporter-output>
          </reporter-output>
        </test-method> <!-- setUp -->
        <test-method signature="verify_ManageUserDeactivation()[pri:0, instance:com.supermarket1.tests.ManageUsersTest@5dda768f]" started-at="2022-11-10T10:55:44 IST" name="verify_ManageUserDeactivation" finished-at="2022-11-10T10:55:47 IST" duration-ms="2965" status="FAIL">
          <exception class="java.lang.AssertionError">
            <message>
              <![CDATA[expected [getAttributeValue] but found [alert alert-success alert-dismissible]]]>
            </message>
            <full-stacktrace>
              <![CDATA[java.lang.AssertionError: expected [getAttributeValue] but found [alert alert-success alert-dismissible]
at org.testng.Assert.fail(Assert.java:99)
at org.testng.Assert.failNotEquals(Assert.java:1037)
at org.testng.Assert.assertEqualsImpl(Assert.java:140)
at org.testng.Assert.assertEquals(Assert.java:122)
at org.testng.Assert.assertEquals(Assert.java:629)
at org.testng.Assert.assertEquals(Assert.java:639)
at com.supermarket1.tests.ManageUsersTest.verify_ManageUserDeactivation(ManageUsersTest.java:27)
at java.base/jdk.internal.reflect.NativeMethodAccessorImpl.invoke0(Native Method)
at java.base/jdk.internal.reflect.NativeMethodAccessorImpl.invoke(NativeMethodAccessorImpl.java:77)
at java.base/jdk.internal.reflect.DelegatingMethodAccessorImpl.invoke(DelegatingMethodAccessorImpl.java:43)
at java.base/java.lang.reflect.Method.invoke(Method.java:568)
at org.testng.internal.MethodInvocationHelper.invokeMethod(MethodInvocationHelper.java:133)
at org.testng.internal.TestInvoker.invokeMethod(TestInvoker.java:598)
at org.testng.internal.TestInvoker.invokeTestMethod(TestInvoker.java:173)
at org.testng.internal.MethodRunner.runInSequence(MethodRunner.java:46)
at org.testng.internal.TestInvoker$MethodInvocationAgent.invoke(TestInvoker.java:824)
at org.testng.internal.TestInvoker.invokeTestMethods(TestInvoker.java:146)
at org.testng.internal.TestMethodWorker.invokeTestMethods(TestMethodWorker.java:146)
at org.testng.internal.TestMethodWorker.run(TestMethodWorker.java:128)
at java.base/java.util.ArrayList.forEach(ArrayList.java:1511)
at org.testng.TestRunner.privateRun(TestRunner.java:794)
at org.testng.TestRunner.run(TestRunner.java:596)
at org.testng.SuiteRunner.runTest(SuiteRunner.java:377)
at org.testng.SuiteRunner.access$000(SuiteRunner.java:28)
at org.testng.SuiteRunner$SuiteWorker.run(SuiteRunner.java:418)
at org.testng.internal.thread.ThreadUtil.lambda$execute$0(ThreadUtil.java:64)
at java.base/java.util.concurrent.FutureTask.run(FutureTask.java:264)
at java.base/java.util.concurrent.ThreadPoolExecutor.runWorker(ThreadPoolExecutor.java:1136)
at java.base/java.util.concurrent.ThreadPoolExecutor$Worker.run(ThreadPoolExecutor.java:635)
at java.base/java.lang.Thread.run(Thread.java:833)
]]>
            </full-stacktrace>
          </exception> <!-- java.lang.AssertionError -->
          <reporter-output>
          </reporter-output>
        </test-method> <!-- verify_ManageUserDeactivation -->
        <test-method is-config="true" signature="tearDown(org.testng.ITestResult)[pri:0, instance:com.supermarket1.tests.ManageUsersTest@5dda768f]" started-at="2022-11-10T10:55:47 IST" name="tearDown" finished-at="2022-11-10T10:55:47 IST" duration-ms="383" status="PASS">
          <params>
            <param index="0">
              <value>
                <![CDATA[[TestResult name=verify_ManageUserDeactivation status=FAILURE method=ManageUsersTest.verify_ManageUserDeactivation()[pri:0, instance:com.supermarket1.tests.ManageUsersTest@5dda768f] output={null}]]]>
              </value>
            </param>
          </params>
          <reporter-output>
          </reporter-output>
        </test-method> <!-- tearDown -->
      </class> <!-- com.supermarket1.tests.ManageUsersTest -->
      <class name="com.supermarket1.tests.ManageSliderTest">
        <test-method is-config="true" signature="setUp()[pri:0, instance:com.supermarket1.tests.ManageSliderTest@1ce24091]" started-at="2022-11-10T10:55:11 IST" name="setUp" finished-at="2022-11-10T10:55:22 IST" duration-ms="10952" status="PASS">
          <reporter-output>
          </reporter-output>
        </test-method> <!-- setUp -->
        <test-method signature="verify_EnterLocationInformations()[pri:0, instance:com.supermarket1.tests.ManageSliderTest@1ce24091]" started-at="2022-11-10T10:55:22 IST" name="verify_EnterLocationInformations" finished-at="2022-11-10T10:55:26 IST" duration-ms="4204" status="PASS">
          <reporter-output>
          </reporter-output>
        </test-method> <!-- verify_EnterLocationInformations -->
        <test-method is-config="true" signature="tearDown(org.testng.ITestResult)[pri:0, instance:com.supermarket1.tests.ManageSliderTest@1ce24091]" started-at="2022-11-10T10:55:26 IST" name="tearDown" finished-at="2022-11-10T10:55:42 IST" duration-ms="16263" status="PASS">
          <params>
            <param index="0">
              <value>
                <![CDATA[[TestResult name=verify_EnterLocationInformations status=SUCCESS method=ManageSliderTest.verify_EnterLocationInformations()[pri:0, instance:com.supermarket1.tests.ManageSliderTest@1ce24091] output={null}]]]>
              </value>
            </param>
          </params>
          <reporter-output>
          </reporter-output>
        </test-method> <!-- tearDown -->
      </class> <!-- com.supermarket1.tests.ManageSliderTest -->
    </test> <!-- Run Module 3 -->
    <test started-at="2022-11-10T10:55:11 IST" name="Run Module 1" finished-at="2022-11-10T11:00:03 IST" duration-ms="291975">
      <class name="com.supermarket1.tests.DashBoardTest">
        <test-method is-config="true" signature="setUp()[pri:0, instance:com.supermarket1.tests.DashBoardTest@4afcd809]" started-at="2022-11-10T10:59:49 IST" name="setUp" finished-at="2022-11-10T10:59:51 IST" duration-ms="1607" status="PASS">
          <reporter-output>
          </reporter-output>
        </test-method> <!-- setUp -->
        <test-method signature="verify_BackGroundColor()[pri:1, instance:com.supermarket1.tests.DashBoardTest@4afcd809]" started-at="2022-11-10T10:59:51 IST" name="verify_BackGroundColor" finished-at="2022-11-10T10:59:51 IST" duration-ms="763" status="PASS">
          <reporter-output>
          </reporter-output>
        </test-method> <!-- verify_BackGroundColor -->
        <test-method is-config="true" signature="tearDown(org.testng.ITestResult)[pri:0, instance:com.supermarket1.tests.DashBoardTest@4afcd809]" started-at="2022-11-10T10:59:51 IST" name="tearDown" finished-at="2022-11-10T10:59:52 IST" duration-ms="261" status="PASS">
          <params>
            <param index="0">
              <value>
                <![CDATA[[TestResult name=verify_BackGroundColor status=SUCCESS method=DashBoardTest.verify_BackGroundColor()[pri:1, instance:com.supermarket1.tests.DashBoardTest@4afcd809] output={null}]]]>
              </value>
            </param>
          </params>
          <reporter-output>
          </reporter-output>
        </test-method> <!-- tearDown -->
        <test-method is-config="true" signature="setUp()[pri:0, instance:com.supermarket1.tests.DashBoardTest@4afcd809]" started-at="2022-11-10T10:59:58 IST" name="setUp" finished-at="2022-11-10T10:59:59 IST" duration-ms="1431" status="PASS">
          <reporter-output>
          </reporter-output>
        </test-method> <!-- setUp -->
        <test-method signature="verify_IConIsDisplayedOrNot()[pri:2, instance:com.supermarket1.tests.DashBoardTest@4afcd809]" started-at="2022-11-10T10:59:59 IST" name="verify_IConIsDisplayedOrNot" finished-at="2022-11-10T11:00:00 IST" duration-ms="643" status="PASS">
          <reporter-output>
          </reporter-output>
        </test-method> <!-- verify_IConIsDisplayedOrNot -->
        <test-method is-config="true" signature="tearDown(org.testng.ITestResult)[pri:0, instance:com.supermarket1.tests.DashBoardTest@4afcd809]" started-at="2022-11-10T11:00:00 IST" name="tearDown" finished-at="2022-11-10T11:00:00 IST" duration-ms="198" status="PASS">
          <params>
            <param index="0">
              <value>
                <![CDATA[[TestResult name=verify_IConIsDisplayedOrNot status=SUCCESS method=DashBoardTest.verify_IConIsDisplayedOrNot()[pri:2, instance:com.supermarket1.tests.DashBoardTest@4afcd809] output={null}]]]>
              </value>
            </param>
          </params>
          <reporter-output>
          </reporter-output>
        </test-method> <!-- tearDown -->
        <test-method is-config="true" signature="setUp()[pri:0, instance:com.supermarket1.tests.DashBoardTest@4afcd809]" started-at="2022-11-10T11:00:00 IST" name="setUp" finished-at="2022-11-10T11:00:02 IST" duration-ms="1458" status="PASS">
          <reporter-output>
          </reporter-output>
        </test-method> <!-- setUp -->
        <test-method signature="verify_FontSize()[pri:3, instance:com.supermarket1.tests.DashBoardTest@4afcd809]" started-at="2022-11-10T11:00:02 IST" name="verify_FontSize" finished-at="2022-11-10T11:00:02 IST" duration-ms="718" status="PASS">
          <reporter-output>
          </reporter-output>
        </test-method> <!-- verify_FontSize -->
        <test-method is-config="true" signature="tearDown(org.testng.ITestResult)[pri:0, instance:com.supermarket1.tests.DashBoardTest@4afcd809]" started-at="2022-11-10T11:00:02 IST" name="tearDown" finished-at="2022-11-10T11:00:03 IST" duration-ms="221" status="PASS">
          <params>
            <param index="0">
              <value>
                <![CDATA[[TestResult name=verify_FontSize status=SUCCESS method=DashBoardTest.verify_FontSize()[pri:3, instance:com.supermarket1.tests.DashBoardTest@4afcd809] output={null}]]]>
              </value>
            </param>
          </params>
          <reporter-output>
          </reporter-output>
        </test-method> <!-- tearDown -->
      </class> <!-- com.supermarket1.tests.DashBoardTest -->
      <class name="com.supermarket1.tests.ManageCategoryTest">
        <test-method is-config="true" signature="setUp()[pri:0, instance:com.supermarket1.tests.ManageCategoryTest@776aec5c]" started-at="2022-11-10T10:55:35 IST" name="setUp" finished-at="2022-11-10T10:55:37 IST" duration-ms="1675" status="PASS">
          <reporter-output>
          </reporter-output>
        </test-method> <!-- setUp -->
        <test-method signature="verify_DeleteFunctinalitySubCategoryInformation()[pri:0, instance:com.supermarket1.tests.ManageCategoryTest@776aec5c]" started-at="2022-11-10T10:55:37 IST" name="verify_DeleteFunctinalitySubCategoryInformation" finished-at="2022-11-10T10:55:51 IST" duration-ms="13858" status="FAIL">
          <exception class="org.openqa.selenium.NoSuchElementException">
            <message>
              <![CDATA[no such element: Unable to locate element: {"method":"xpath","selector":"//a[@href='https://groceryapp.uniqassosiates.com/admin/Subcategory/delete?del=108&page_ad=1']"}
  (Session info: chrome=107.0.5304.107)
For documentation on this error, please visit: https://selenium.dev/exceptions/#no_such_element
Build info: version: '4.3.0', revision: 'a4995e2c09*'
System info: host: 'LAPTOP-N7T8FIF4', ip: '192.168.18.69', os.name: 'Windows 11', os.arch: 'amd64', os.version: '10.0', java.version: '17.0.3.1'
Driver info: org.openqa.selenium.chrome.ChromeDriver
Command: [b0ab7b07e105aa7a45f8ace3eea3bbab, findElement {using=xpath, value=//a[@href='https://groceryapp.uniqassosiates.com/admin/Subcategory/delete?del=108&page_ad=1']}]
Capabilities {acceptInsecureCerts: false, browserName: chrome, browserVersion: 107.0.5304.107, chrome: {chromedriverVersion: 107.0.5304.62 (1eec40d3a576..., userDataDir: C:\Users\lenovo\AppData\Loc...}, goog:chromeOptions: {debuggerAddress: localhost:54858}, networkConnectionEnabled: false, pageLoadStrategy: normal, platformName: WINDOWS, proxy: Proxy(), se:cdp: ws://localhost:54858/devtoo..., se:cdpVersion: 107.0.5304.107, setWindowRect: true, strictFileInteractability: false, timeouts: {implicit: 0, pageLoad: 300000, script: 30000}, unhandledPromptBehavior: dismiss and notify, webauthn:extension:credBlob: true, webauthn:extension:largeBlob: true, webauthn:virtualAuthenticators: true}
Session ID: b0ab7b07e105aa7a45f8ace3eea3bbab]]>
            </message>
            <full-stacktrace>
              <![CDATA[org.openqa.selenium.NoSuchElementException: no such element: Unable to locate element: {"method":"xpath","selector":"//a[@href='https://groceryapp.uniqassosiates.com/admin/Subcategory/delete?del=108&page_ad=1']"}
  (Session info: chrome=107.0.5304.107)
For documentation on this error, please visit: https://selenium.dev/exceptions/#no_such_element
Build info: version: '4.3.0', revision: 'a4995e2c09*'
System info: host: 'LAPTOP-N7T8FIF4', ip: '192.168.18.69', os.name: 'Windows 11', os.arch: 'amd64', os.version: '10.0', java.version: '17.0.3.1'
Driver info: org.openqa.selenium.chrome.ChromeDriver
Command: [b0ab7b07e105aa7a45f8ace3eea3bbab, findElement {using=xpath, value=//a[@href='https://groceryapp.uniqassosiates.com/admin/Subcategory/delete?del=108&page_ad=1']}]
Capabilities {acceptInsecureCerts: false, browserName: chrome, browserVersion: 107.0.5304.107, chrome: {chromedriverVersion: 107.0.5304.62 (1eec40d3a576..., userDataDir: C:\Users\lenovo\AppData\Loc...}, goog:chromeOptions: {debuggerAddress: localhost:54858}, networkConnectionEnabled: false, pageLoadStrategy: normal, platformName: WINDOWS, proxy: Proxy(), se:cdp: ws://localhost:54858/devtoo..., se:cdpVersion: 107.0.5304.107, setWindowRect: true, strictFileInteractability: false, timeouts: {implicit: 0, pageLoad: 300000, script: 30000}, unhandledPromptBehavior: dismiss and notify, webauthn:extension:credBlob: true, webauthn:extension:largeBlob: true, webauthn:virtualAuthenticators: true}
Session ID: b0ab7b07e105aa7a45f8ace3eea3bbab
at java.base/jdk.internal.reflect.NativeConstructorAccessorImpl.newInstance0(Native Method)
at java.base/jdk.internal.reflect.NativeConstructorAccessorImpl.newInstance(NativeConstructorAccessorImpl.java:77)
at java.base/jdk.internal.reflect.DelegatingConstructorAccessorImpl.newInstance(DelegatingConstructorAccessorImpl.java:45)
at java.base/java.lang.reflect.Constructor.newInstanceWithCaller(Constructor.java:499)
at java.base/java.lang.reflect.Constructor.newInstance(Constructor.java:480)
at org.openqa.selenium.remote.codec.w3c.W3CHttpResponseCodec.createException(W3CHttpResponseCodec.java:200)
at org.openqa.selenium.remote.codec.w3c.W3CHttpResponseCodec.decode(W3CHttpResponseCodec.java:133)
at org.openqa.selenium.remote.codec.w3c.W3CHttpResponseCodec.decode(W3CHttpResponseCodec.java:53)
at org.openqa.selenium.remote.HttpCommandExecutor.execute(HttpCommandExecutor.java:184)
at org.openqa.selenium.remote.service.DriverCommandExecutor.invokeExecute(DriverCommandExecutor.java:167)
at org.openqa.selenium.remote.service.DriverCommandExecutor.execute(DriverCommandExecutor.java:142)
at org.openqa.selenium.remote.RemoteWebDriver.execute(RemoteWebDriver.java:569)
at org.openqa.selenium.remote.ElementLocation$ElementFinder$2.findElement(ElementLocation.java:162)
at org.openqa.selenium.remote.ElementLocation.findElement(ElementLocation.java:60)
at org.openqa.selenium.remote.RemoteWebDriver.findElement(RemoteWebDriver.java:387)
at org.openqa.selenium.remote.RemoteWebDriver.findElement(RemoteWebDriver.java:379)
at org.openqa.selenium.support.pagefactory.DefaultElementLocator.findElement(DefaultElementLocator.java:70)
at org.openqa.selenium.support.pagefactory.internal.LocatingElementHandler.invoke(LocatingElementHandler.java:39)
at jdk.proxy2/jdk.proxy2.$Proxy17.click(Unknown Source)
at com.supermarket1.pages.ManageCategoryPage.click_DeleteButton(ManageCategoryPage.java:148)
at com.supermarket1.tests.ManageCategoryTest.verify_DeleteFunctinalitySubCategoryInformation(ManageCategoryTest.java:82)
at java.base/jdk.internal.reflect.NativeMethodAccessorImpl.invoke0(Native Method)
at java.base/jdk.internal.reflect.NativeMethodAccessorImpl.invoke(NativeMethodAccessorImpl.java:77)
at java.base/jdk.internal.reflect.DelegatingMethodAccessorImpl.invoke(DelegatingMethodAccessorImpl.java:43)
at java.base/java.lang.reflect.Method.invoke(Method.java:568)
at org.testng.internal.MethodInvocationHelper.invokeMethod(MethodInvocationHelper.java:133)
at org.testng.internal.TestInvoker.invokeMethod(TestInvoker.java:598)
at org.testng.internal.TestInvoker.invokeTestMethod(TestInvoker.java:173)
at org.testng.internal.MethodRunner.runInSequence(MethodRunner.java:46)
at org.testng.internal.TestInvoker$MethodInvocationAgent.invoke(TestInvoker.java:824)
at org.testng.internal.TestInvoker.invokeTestMethods(TestInvoker.java:146)
at org.testng.internal.TestMethodWorker.invokeTestMethods(TestMethodWorker.java:146)
at org.testng.internal.TestMethodWorker.run(TestMethodWorker.java:128)
at java.base/java.util.ArrayList.forEach(ArrayList.java:1511)
at org.testng.TestRunner.privateRun(TestRunner.java:794)
at org.testng.TestRunner.run(TestRunner.java:596)
at org.testng.SuiteRunner.runTest(SuiteRunner.java:377)
at org.testng.SuiteRunner.access$000(SuiteRunner.java:28)
at org.testng.SuiteRunner$SuiteWorker.run(SuiteRunner.java:418)
at org.testng.internal.thread.ThreadUtil.lambda$execute$0(ThreadUtil.java:64)
at java.base/java.util.concurrent.FutureTask.run(FutureTask.java:264)
at java.base/java.util.concurrent.ThreadPoolExecutor.runWorker(ThreadPoolExecutor.java:1136)
at java.base/java.util.concurrent.ThreadPoolExecutor$Worker.run(ThreadPoolExecutor.java:635)
at java.base/java.lang.Thread.run(Thread.java:833)
]]>
            </full-stacktrace>
          </exception> <!-- org.openqa.selenium.NoSuchElementException -->
          <reporter-output>
          </reporter-output>
        </test-method> <!-- verify_DeleteFunctinalitySubCategoryInformation -->
        <test-method is-config="true" signature="tearDown(org.testng.ITestResult)[pri:0, instance:com.supermarket1.tests.ManageCategoryTest@776aec5c]" started-at="2022-11-10T10:55:51 IST" name="tearDown" finished-at="2022-11-10T10:55:51 IST" duration-ms="337" status="PASS">
          <params>
            <param index="0">
              <value>
                <![CDATA[[TestResult name=verify_DeleteFunctinalitySubCategoryInformation status=FAILURE method=ManageCategoryTest.verify_DeleteFunctinalitySubCategoryInformation()[pri:0, instance:com.supermarket1.tests.ManageCategoryTest@776aec5c] output={null}]]]>
              </value>
            </param>
          </params>
          <reporter-output>
          </reporter-output>
        </test-method> <!-- tearDown -->
        <test-method is-config="true" signature="setUp()[pri:0, instance:com.supermarket1.tests.ManageCategoryTest@776aec5c]" started-at="2022-11-10T10:58:14 IST" name="setUp" finished-at="2022-11-10T10:58:15 IST" duration-ms="1663" status="PASS">
          <reporter-output>
          </reporter-output>
        </test-method> <!-- setUp -->
        <test-method signature="verify_SearchOption(java.lang.String)[pri:0, instance:com.supermarket1.tests.ManageCategoryTest@776aec5c]" started-at="2022-11-10T10:58:15 IST" name="verify_SearchOption" data-provider="searchlists" finished-at="2022-11-10T10:58:28 IST" duration-ms="12688" status="FAIL">
          <params>
            <param index="0">
              <value>
                <![CDATA[pastry]]>
              </value>
            </param>
          </params>
          <exception class="org.openqa.selenium.NoSuchElementException">
            <message>
              <![CDATA[no such element: Unable to locate element: {"method":"xpath","selector":"//button[@class='btn btn-danger']"}
  (Session info: chrome=107.0.5304.107)
For documentation on this error, please visit: https://selenium.dev/exceptions/#no_such_element
Build info: version: '4.3.0', revision: 'a4995e2c09*'
System info: host: 'LAPTOP-N7T8FIF4', ip: '192.168.18.69', os.name: 'Windows 11', os.arch: 'amd64', os.version: '10.0', java.version: '17.0.3.1'
Driver info: org.openqa.selenium.chrome.ChromeDriver
Command: [986aeedda15d8cb40ffafc14425c40e2, findElement {using=xpath, value=//button[@class='btn btn-danger']}]
Capabilities {acceptInsecureCerts: false, browserName: chrome, browserVersion: 107.0.5304.107, chrome: {chromedriverVersion: 107.0.5304.62 (1eec40d3a576..., userDataDir: C:\Users\lenovo\AppData\Loc...}, goog:chromeOptions: {debuggerAddress: localhost:55496}, networkConnectionEnabled: false, pageLoadStrategy: normal, platformName: WINDOWS, proxy: Proxy(), se:cdp: ws://localhost:55496/devtoo..., se:cdpVersion: 107.0.5304.107, setWindowRect: true, strictFileInteractability: false, timeouts: {implicit: 0, pageLoad: 300000, script: 30000}, unhandledPromptBehavior: dismiss and notify, webauthn:extension:credBlob: true, webauthn:extension:largeBlob: true, webauthn:virtualAuthenticators: true}
Session ID: 986aeedda15d8cb40ffafc14425c40e2]]>
            </message>
            <full-stacktrace>
              <![CDATA[org.openqa.selenium.NoSuchElementException: no such element: Unable to locate element: {"method":"xpath","selector":"//button[@class='btn btn-danger']"}
  (Session info: chrome=107.0.5304.107)
For documentation on this error, please visit: https://selenium.dev/exceptions/#no_such_element
Build info: version: '4.3.0', revision: 'a4995e2c09*'
System info: host: 'LAPTOP-N7T8FIF4', ip: '192.168.18.69', os.name: 'Windows 11', os.arch: 'amd64', os.version: '10.0', java.version: '17.0.3.1'
Driver info: org.openqa.selenium.chrome.ChromeDriver
Command: [986aeedda15d8cb40ffafc14425c40e2, findElement {using=xpath, value=//button[@class='btn btn-danger']}]
Capabilities {acceptInsecureCerts: false, browserName: chrome, browserVersion: 107.0.5304.107, chrome: {chromedriverVersion: 107.0.5304.62 (1eec40d3a576..., userDataDir: C:\Users\lenovo\AppData\Loc...}, goog:chromeOptions: {debuggerAddress: localhost:55496}, networkConnectionEnabled: false, pageLoadStrategy: normal, platformName: WINDOWS, proxy: Proxy(), se:cdp: ws://localhost:55496/devtoo..., se:cdpVersion: 107.0.5304.107, setWindowRect: true, strictFileInteractability: false, timeouts: {implicit: 0, pageLoad: 300000, script: 30000}, unhandledPromptBehavior: dismiss and notify, webauthn:extension:credBlob: true, webauthn:extension:largeBlob: true, webauthn:virtualAuthenticators: true}
Session ID: 986aeedda15d8cb40ffafc14425c40e2
at java.base/jdk.internal.reflect.NativeConstructorAccessorImpl.newInstance0(Native Method)
at java.base/jdk.internal.reflect.NativeConstructorAccessorImpl.newInstance(NativeConstructorAccessorImpl.java:77)
at java.base/jdk.internal.reflect.DelegatingConstructorAccessorImpl.newInstance(DelegatingConstructorAccessorImpl.java:45)
at java.base/java.lang.reflect.Constructor.newInstanceWithCaller(Constructor.java:499)
at java.base/java.lang.reflect.Constructor.newInstance(Constructor.java:480)
at org.openqa.selenium.remote.codec.w3c.W3CHttpResponseCodec.createException(W3CHttpResponseCodec.java:200)
at org.openqa.selenium.remote.codec.w3c.W3CHttpResponseCodec.decode(W3CHttpResponseCodec.java:133)
at org.openqa.selenium.remote.codec.w3c.W3CHttpResponseCodec.decode(W3CHttpResponseCodec.java:53)
at org.openqa.selenium.remote.HttpCommandExecutor.execute(HttpCommandExecutor.java:184)
at org.openqa.selenium.remote.service.DriverCommandExecutor.invokeExecute(DriverCommandExecutor.java:167)
at org.openqa.selenium.remote.service.DriverCommandExecutor.execute(DriverCommandExecutor.java:142)
at org.openqa.selenium.remote.RemoteWebDriver.execute(RemoteWebDriver.java:569)
at org.openqa.selenium.remote.ElementLocation$ElementFinder$2.findElement(ElementLocation.java:162)
at org.openqa.selenium.remote.ElementLocation.findElement(ElementLocation.java:60)
at org.openqa.selenium.remote.RemoteWebDriver.findElement(RemoteWebDriver.java:387)
at org.openqa.selenium.remote.RemoteWebDriver.findElement(RemoteWebDriver.java:379)
at org.openqa.selenium.support.pagefactory.DefaultElementLocator.findElement(DefaultElementLocator.java:70)
at org.openqa.selenium.support.pagefactory.internal.LocatingElementHandler.invoke(LocatingElementHandler.java:39)
at jdk.proxy2/jdk.proxy2.$Proxy17.isEnabled(Unknown Source)
at com.supermarket1.utilities.GeneralUtility.is_Enabled(GeneralUtility.java:30)
at com.supermarket1.pages.ManageCategoryPage.saveButton_Enabled(ManageCategoryPage.java:93)
at com.supermarket1.tests.ManageCategoryTest.verify_SearchOption(ManageCategoryTest.java:42)
at java.base/jdk.internal.reflect.NativeMethodAccessorImpl.invoke0(Native Method)
at java.base/jdk.internal.reflect.NativeMethodAccessorImpl.invoke(NativeMethodAccessorImpl.java:77)
at java.base/jdk.internal.reflect.DelegatingMethodAccessorImpl.invoke(DelegatingMethodAccessorImpl.java:43)
at java.base/java.lang.reflect.Method.invoke(Method.java:568)
at org.testng.internal.MethodInvocationHelper.invokeMethod(MethodInvocationHelper.java:133)
at org.testng.internal.TestInvoker.invokeMethod(TestInvoker.java:598)
at org.testng.internal.TestInvoker.invokeTestMethod(TestInvoker.java:173)
at org.testng.internal.MethodRunner.runInSequence(MethodRunner.java:46)
at org.testng.internal.TestInvoker$MethodInvocationAgent.invoke(TestInvoker.java:824)
at org.testng.internal.TestInvoker.invokeTestMethods(TestInvoker.java:146)
at org.testng.internal.TestMethodWorker.invokeTestMethods(TestMethodWorker.java:146)
at org.testng.internal.TestMethodWorker.run(TestMethodWorker.java:128)
at java.base/java.util.ArrayList.forEach(ArrayList.java:1511)
at org.testng.TestRunner.privateRun(TestRunner.java:794)
at org.testng.TestRunner.run(TestRunner.java:596)
at org.testng.SuiteRunner.runTest(SuiteRunner.java:377)
at org.testng.SuiteRunner.access$000(SuiteRunner.java:28)
at org.testng.SuiteRunner$SuiteWorker.run(SuiteRunner.java:418)
at org.testng.internal.thread.ThreadUtil.lambda$execute$0(ThreadUtil.java:64)
at java.base/java.util.concurrent.FutureTask.run(FutureTask.java:264)
at java.base/java.util.concurrent.ThreadPoolExecutor.runWorker(ThreadPoolExecutor.java:1136)
at java.base/java.util.concurrent.ThreadPoolExecutor$Worker.run(ThreadPoolExecutor.java:635)
at java.base/java.lang.Thread.run(Thread.java:833)
]]>
            </full-stacktrace>
          </exception> <!-- org.openqa.selenium.NoSuchElementException -->
          <reporter-output>
          </reporter-output>
        </test-method> <!-- verify_SearchOption -->
        <test-method is-config="true" signature="tearDown(org.testng.ITestResult)[pri:0, instance:com.supermarket1.tests.ManageCategoryTest@776aec5c]" started-at="2022-11-10T10:58:28 IST" name="tearDown" finished-at="2022-11-10T10:58:28 IST" duration-ms="296" status="PASS">
          <params>
            <param index="0">
              <value>
                <![CDATA[[TestResult name=verify_SearchOption status=FAILURE method=ManageCategoryTest.verify_SearchOption(java.lang.String)[pri:0, instance:com.supermarket1.tests.ManageCategoryTest@776aec5c] output={null}]]]>
              </value>
            </param>
          </params>
          <reporter-output>
          </reporter-output>
        </test-method> <!-- tearDown -->
        <test-method is-config="true" signature="setUp()[pri:0, instance:com.supermarket1.tests.ManageCategoryTest@776aec5c]" started-at="2022-11-10T10:58:28 IST" name="setUp" finished-at="2022-11-10T10:58:30 IST" duration-ms="1593" status="PASS">
          <reporter-output>
          </reporter-output>
        </test-method> <!-- setUp -->
        <test-method signature="verify_SearchOption(java.lang.String)[pri:0, instance:com.supermarket1.tests.ManageCategoryTest@776aec5c]" started-at="2022-11-10T10:58:30 IST" name="verify_SearchOption" data-provider="searchlists" finished-at="2022-11-10T10:58:43 IST" duration-ms="12999" status="FAIL">
          <params>
            <param index="0">
              <value>
                <![CDATA[Diary&Bakery]]>
              </value>
            </param>
          </params>
          <exception class="org.openqa.selenium.NoSuchElementException">
            <message>
              <![CDATA[no such element: Unable to locate element: {"method":"xpath","selector":"//button[@class='btn btn-danger']"}
  (Session info: chrome=107.0.5304.107)
For documentation on this error, please visit: https://selenium.dev/exceptions/#no_such_element
Build info: version: '4.3.0', revision: 'a4995e2c09*'
System info: host: 'LAPTOP-N7T8FIF4', ip: '192.168.18.69', os.name: 'Windows 11', os.arch: 'amd64', os.version: '10.0', java.version: '17.0.3.1'
Driver info: org.openqa.selenium.chrome.ChromeDriver
Command: [3179b628c4b0c6d6eeed785fa7c1de86, findElement {using=xpath, value=//button[@class='btn btn-danger']}]
Capabilities {acceptInsecureCerts: false, browserName: chrome, browserVersion: 107.0.5304.107, chrome: {chromedriverVersion: 107.0.5304.62 (1eec40d3a576..., userDataDir: C:\Users\lenovo\AppData\Loc...}, goog:chromeOptions: {debuggerAddress: localhost:55524}, networkConnectionEnabled: false, pageLoadStrategy: normal, platformName: WINDOWS, proxy: Proxy(), se:cdp: ws://localhost:55524/devtoo..., se:cdpVersion: 107.0.5304.107, setWindowRect: true, strictFileInteractability: false, timeouts: {implicit: 0, pageLoad: 300000, script: 30000}, unhandledPromptBehavior: dismiss and notify, webauthn:extension:credBlob: true, webauthn:extension:largeBlob: true, webauthn:virtualAuthenticators: true}
Session ID: 3179b628c4b0c6d6eeed785fa7c1de86]]>
            </message>
            <full-stacktrace>
              <![CDATA[org.openqa.selenium.NoSuchElementException: no such element: Unable to locate element: {"method":"xpath","selector":"//button[@class='btn btn-danger']"}
  (Session info: chrome=107.0.5304.107)
For documentation on this error, please visit: https://selenium.dev/exceptions/#no_such_element
Build info: version: '4.3.0', revision: 'a4995e2c09*'
System info: host: 'LAPTOP-N7T8FIF4', ip: '192.168.18.69', os.name: 'Windows 11', os.arch: 'amd64', os.version: '10.0', java.version: '17.0.3.1'
Driver info: org.openqa.selenium.chrome.ChromeDriver
Command: [3179b628c4b0c6d6eeed785fa7c1de86, findElement {using=xpath, value=//button[@class='btn btn-danger']}]
Capabilities {acceptInsecureCerts: false, browserName: chrome, browserVersion: 107.0.5304.107, chrome: {chromedriverVersion: 107.0.5304.62 (1eec40d3a576..., userDataDir: C:\Users\lenovo\AppData\Loc...}, goog:chromeOptions: {debuggerAddress: localhost:55524}, networkConnectionEnabled: false, pageLoadStrategy: normal, platformName: WINDOWS, proxy: Proxy(), se:cdp: ws://localhost:55524/devtoo..., se:cdpVersion: 107.0.5304.107, setWindowRect: true, strictFileInteractability: false, timeouts: {implicit: 0, pageLoad: 300000, script: 30000}, unhandledPromptBehavior: dismiss and notify, webauthn:extension:credBlob: true, webauthn:extension:largeBlob: true, webauthn:virtualAuthenticators: true}
Session ID: 3179b628c4b0c6d6eeed785fa7c1de86
at java.base/jdk.internal.reflect.NativeConstructorAccessorImpl.newInstance0(Native Method)
at java.base/jdk.internal.reflect.NativeConstructorAccessorImpl.newInstance(NativeConstructorAccessorImpl.java:77)
at java.base/jdk.internal.reflect.DelegatingConstructorAccessorImpl.newInstance(DelegatingConstructorAccessorImpl.java:45)
at java.base/java.lang.reflect.Constructor.newInstanceWithCaller(Constructor.java:499)
at java.base/java.lang.reflect.Constructor.newInstance(Constructor.java:480)
at org.openqa.selenium.remote.codec.w3c.W3CHttpResponseCodec.createException(W3CHttpResponseCodec.java:200)
at org.openqa.selenium.remote.codec.w3c.W3CHttpResponseCodec.decode(W3CHttpResponseCodec.java:133)
at org.openqa.selenium.remote.codec.w3c.W3CHttpResponseCodec.decode(W3CHttpResponseCodec.java:53)
at org.openqa.selenium.remote.HttpCommandExecutor.execute(HttpCommandExecutor.java:184)
at org.openqa.selenium.remote.service.DriverCommandExecutor.invokeExecute(DriverCommandExecutor.java:167)
at org.openqa.selenium.remote.service.DriverCommandExecutor.execute(DriverCommandExecutor.java:142)
at org.openqa.selenium.remote.RemoteWebDriver.execute(RemoteWebDriver.java:569)
at org.openqa.selenium.remote.ElementLocation$ElementFinder$2.findElement(ElementLocation.java:162)
at org.openqa.selenium.remote.ElementLocation.findElement(ElementLocation.java:60)
at org.openqa.selenium.remote.RemoteWebDriver.findElement(RemoteWebDriver.java:387)
at org.openqa.selenium.remote.RemoteWebDriver.findElement(RemoteWebDriver.java:379)
at org.openqa.selenium.support.pagefactory.DefaultElementLocator.findElement(DefaultElementLocator.java:70)
at org.openqa.selenium.support.pagefactory.internal.LocatingElementHandler.invoke(LocatingElementHandler.java:39)
at jdk.proxy2/jdk.proxy2.$Proxy17.isEnabled(Unknown Source)
at com.supermarket1.utilities.GeneralUtility.is_Enabled(GeneralUtility.java:30)
at com.supermarket1.pages.ManageCategoryPage.saveButton_Enabled(ManageCategoryPage.java:93)
at com.supermarket1.tests.ManageCategoryTest.verify_SearchOption(ManageCategoryTest.java:42)
at java.base/jdk.internal.reflect.NativeMethodAccessorImpl.invoke0(Native Method)
at java.base/jdk.internal.reflect.NativeMethodAccessorImpl.invoke(NativeMethodAccessorImpl.java:77)
at java.base/jdk.internal.reflect.DelegatingMethodAccessorImpl.invoke(DelegatingMethodAccessorImpl.java:43)
at java.base/java.lang.reflect.Method.invoke(Method.java:568)
at org.testng.internal.MethodInvocationHelper.invokeMethod(MethodInvocationHelper.java:133)
at org.testng.internal.TestInvoker.invokeMethod(TestInvoker.java:598)
at org.testng.internal.TestInvoker.invokeTestMethod(TestInvoker.java:173)
at org.testng.internal.MethodRunner.runInSequence(MethodRunner.java:46)
at org.testng.internal.TestInvoker$MethodInvocationAgent.invoke(TestInvoker.java:824)
at org.testng.internal.TestInvoker.invokeTestMethods(TestInvoker.java:146)
at org.testng.internal.TestMethodWorker.invokeTestMethods(TestMethodWorker.java:146)
at org.testng.internal.TestMethodWorker.run(TestMethodWorker.java:128)
at java.base/java.util.ArrayList.forEach(ArrayList.java:1511)
at org.testng.TestRunner.privateRun(TestRunner.java:794)
at org.testng.TestRunner.run(TestRunner.java:596)
at org.testng.SuiteRunner.runTest(SuiteRunner.java:377)
at org.testng.SuiteRunner.access$000(SuiteRunner.java:28)
at org.testng.SuiteRunner$SuiteWorker.run(SuiteRunner.java:418)
at org.testng.internal.thread.ThreadUtil.lambda$execute$0(ThreadUtil.java:64)
at java.base/java.util.concurrent.FutureTask.run(FutureTask.java:264)
at java.base/java.util.concurrent.ThreadPoolExecutor.runWorker(ThreadPoolExecutor.java:1136)
at java.base/java.util.concurrent.ThreadPoolExecutor$Worker.run(ThreadPoolExecutor.java:635)
at java.base/java.lang.Thread.run(Thread.java:833)
]]>
            </full-stacktrace>
          </exception> <!-- org.openqa.selenium.NoSuchElementException -->
          <reporter-output>
          </reporter-output>
        </test-method> <!-- verify_SearchOption -->
        <test-method is-config="true" signature="tearDown(org.testng.ITestResult)[pri:0, instance:com.supermarket1.tests.ManageCategoryTest@776aec5c]" started-at="2022-11-10T10:58:43 IST" name="tearDown" finished-at="2022-11-10T10:58:43 IST" duration-ms="321" status="PASS">
          <params>
            <param index="0">
              <value>
                <![CDATA[[TestResult name=verify_SearchOption status=FAILURE method=ManageCategoryTest.verify_SearchOption(java.lang.String)[pri:0, instance:com.supermarket1.tests.ManageCategoryTest@776aec5c] output={null}]]]>
              </value>
            </param>
          </params>
          <reporter-output>
          </reporter-output>
        </test-method> <!-- tearDown -->
        <test-method is-config="true" signature="setUp()[pri:0, instance:com.supermarket1.tests.ManageCategoryTest@776aec5c]" started-at="2022-11-10T10:58:43 IST" name="setUp" finished-at="2022-11-10T10:58:45 IST" duration-ms="1675" status="PASS">
          <reporter-output>
          </reporter-output>
        </test-method> <!-- setUp -->
        <test-method signature="verify_SearchOption(java.lang.String)[pri:0, instance:com.supermarket1.tests.ManageCategoryTest@776aec5c]" started-at="2022-11-10T10:58:45 IST" name="verify_SearchOption" data-provider="searchlists" finished-at="2022-11-10T10:58:58 IST" duration-ms="12980" status="FAIL">
          <params>
            <param index="0">
              <value>
                <![CDATA[DryFruits]]>
              </value>
            </param>
          </params>
          <exception class="org.openqa.selenium.NoSuchElementException">
            <message>
              <![CDATA[no such element: Unable to locate element: {"method":"xpath","selector":"//button[@class='btn btn-danger']"}
  (Session info: chrome=107.0.5304.107)
For documentation on this error, please visit: https://selenium.dev/exceptions/#no_such_element
Build info: version: '4.3.0', revision: 'a4995e2c09*'
System info: host: 'LAPTOP-N7T8FIF4', ip: '192.168.18.69', os.name: 'Windows 11', os.arch: 'amd64', os.version: '10.0', java.version: '17.0.3.1'
Driver info: org.openqa.selenium.chrome.ChromeDriver
Command: [698ceb2f91295ef40951e608151044c5, findElement {using=xpath, value=//button[@class='btn btn-danger']}]
Capabilities {acceptInsecureCerts: false, browserName: chrome, browserVersion: 107.0.5304.107, chrome: {chromedriverVersion: 107.0.5304.62 (1eec40d3a576..., userDataDir: C:\Users\lenovo\AppData\Loc...}, goog:chromeOptions: {debuggerAddress: localhost:55590}, networkConnectionEnabled: false, pageLoadStrategy: normal, platformName: WINDOWS, proxy: Proxy(), se:cdp: ws://localhost:55590/devtoo..., se:cdpVersion: 107.0.5304.107, setWindowRect: true, strictFileInteractability: false, timeouts: {implicit: 0, pageLoad: 300000, script: 30000}, unhandledPromptBehavior: dismiss and notify, webauthn:extension:credBlob: true, webauthn:extension:largeBlob: true, webauthn:virtualAuthenticators: true}
Session ID: 698ceb2f91295ef40951e608151044c5]]>
            </message>
            <full-stacktrace>
              <![CDATA[org.openqa.selenium.NoSuchElementException: no such element: Unable to locate element: {"method":"xpath","selector":"//button[@class='btn btn-danger']"}
  (Session info: chrome=107.0.5304.107)
For documentation on this error, please visit: https://selenium.dev/exceptions/#no_such_element
Build info: version: '4.3.0', revision: 'a4995e2c09*'
System info: host: 'LAPTOP-N7T8FIF4', ip: '192.168.18.69', os.name: 'Windows 11', os.arch: 'amd64', os.version: '10.0', java.version: '17.0.3.1'
Driver info: org.openqa.selenium.chrome.ChromeDriver
Command: [698ceb2f91295ef40951e608151044c5, findElement {using=xpath, value=//button[@class='btn btn-danger']}]
Capabilities {acceptInsecureCerts: false, browserName: chrome, browserVersion: 107.0.5304.107, chrome: {chromedriverVersion: 107.0.5304.62 (1eec40d3a576..., userDataDir: C:\Users\lenovo\AppData\Loc...}, goog:chromeOptions: {debuggerAddress: localhost:55590}, networkConnectionEnabled: false, pageLoadStrategy: normal, platformName: WINDOWS, proxy: Proxy(), se:cdp: ws://localhost:55590/devtoo..., se:cdpVersion: 107.0.5304.107, setWindowRect: true, strictFileInteractability: false, timeouts: {implicit: 0, pageLoad: 300000, script: 30000}, unhandledPromptBehavior: dismiss and notify, webauthn:extension:credBlob: true, webauthn:extension:largeBlob: true, webauthn:virtualAuthenticators: true}
Session ID: 698ceb2f91295ef40951e608151044c5
at java.base/jdk.internal.reflect.NativeConstructorAccessorImpl.newInstance0(Native Method)
at java.base/jdk.internal.reflect.NativeConstructorAccessorImpl.newInstance(NativeConstructorAccessorImpl.java:77)
at java.base/jdk.internal.reflect.DelegatingConstructorAccessorImpl.newInstance(DelegatingConstructorAccessorImpl.java:45)
at java.base/java.lang.reflect.Constructor.newInstanceWithCaller(Constructor.java:499)
at java.base/java.lang.reflect.Constructor.newInstance(Constructor.java:480)
at org.openqa.selenium.remote.codec.w3c.W3CHttpResponseCodec.createException(W3CHttpResponseCodec.java:200)
at org.openqa.selenium.remote.codec.w3c.W3CHttpResponseCodec.decode(W3CHttpResponseCodec.java:133)
at org.openqa.selenium.remote.codec.w3c.W3CHttpResponseCodec.decode(W3CHttpResponseCodec.java:53)
at org.openqa.selenium.remote.HttpCommandExecutor.execute(HttpCommandExecutor.java:184)
at org.openqa.selenium.remote.service.DriverCommandExecutor.invokeExecute(DriverCommandExecutor.java:167)
at org.openqa.selenium.remote.service.DriverCommandExecutor.execute(DriverCommandExecutor.java:142)
at org.openqa.selenium.remote.RemoteWebDriver.execute(RemoteWebDriver.java:569)
at org.openqa.selenium.remote.ElementLocation$ElementFinder$2.findElement(ElementLocation.java:162)
at org.openqa.selenium.remote.ElementLocation.findElement(ElementLocation.java:60)
at org.openqa.selenium.remote.RemoteWebDriver.findElement(RemoteWebDriver.java:387)
at org.openqa.selenium.remote.RemoteWebDriver.findElement(RemoteWebDriver.java:379)
at org.openqa.selenium.support.pagefactory.DefaultElementLocator.findElement(DefaultElementLocator.java:70)
at org.openqa.selenium.support.pagefactory.internal.LocatingElementHandler.invoke(LocatingElementHandler.java:39)
at jdk.proxy2/jdk.proxy2.$Proxy17.isEnabled(Unknown Source)
at com.supermarket1.utilities.GeneralUtility.is_Enabled(GeneralUtility.java:30)
at com.supermarket1.pages.ManageCategoryPage.saveButton_Enabled(ManageCategoryPage.java:93)
at com.supermarket1.tests.ManageCategoryTest.verify_SearchOption(ManageCategoryTest.java:42)
at java.base/jdk.internal.reflect.NativeMethodAccessorImpl.invoke0(Native Method)
at java.base/jdk.internal.reflect.NativeMethodAccessorImpl.invoke(NativeMethodAccessorImpl.java:77)
at java.base/jdk.internal.reflect.DelegatingMethodAccessorImpl.invoke(DelegatingMethodAccessorImpl.java:43)
at java.base/java.lang.reflect.Method.invoke(Method.java:568)
at org.testng.internal.MethodInvocationHelper.invokeMethod(MethodInvocationHelper.java:133)
at org.testng.internal.TestInvoker.invokeMethod(TestInvoker.java:598)
at org.testng.internal.TestInvoker.invokeTestMethod(TestInvoker.java:173)
at org.testng.internal.MethodRunner.runInSequence(MethodRunner.java:46)
at org.testng.internal.TestInvoker$MethodInvocationAgent.invoke(TestInvoker.java:824)
at org.testng.internal.TestInvoker.invokeTestMethods(TestInvoker.java:146)
at org.testng.internal.TestMethodWorker.invokeTestMethods(TestMethodWorker.java:146)
at org.testng.internal.TestMethodWorker.run(TestMethodWorker.java:128)
at java.base/java.util.ArrayList.forEach(ArrayList.java:1511)
at org.testng.TestRunner.privateRun(TestRunner.java:794)
at org.testng.TestRunner.run(TestRunner.java:596)
at org.testng.SuiteRunner.runTest(SuiteRunner.java:377)
at org.testng.SuiteRunner.access$000(SuiteRunner.java:28)
at org.testng.SuiteRunner$SuiteWorker.run(SuiteRunner.java:418)
at org.testng.internal.thread.ThreadUtil.lambda$execute$0(ThreadUtil.java:64)
at java.base/java.util.concurrent.FutureTask.run(FutureTask.java:264)
at java.base/java.util.concurrent.ThreadPoolExecutor.runWorker(ThreadPoolExecutor.java:1136)
at java.base/java.util.concurrent.ThreadPoolExecutor$Worker.run(ThreadPoolExecutor.java:635)
at java.base/java.lang.Thread.run(Thread.java:833)
]]>
            </full-stacktrace>
          </exception> <!-- org.openqa.selenium.NoSuchElementException -->
          <reporter-output>
          </reporter-output>
        </test-method> <!-- verify_SearchOption -->
        <test-method is-config="true" signature="tearDown(org.testng.ITestResult)[pri:0, instance:com.supermarket1.tests.ManageCategoryTest@776aec5c]" started-at="2022-11-10T10:58:58 IST" name="tearDown" finished-at="2022-11-10T10:58:58 IST" duration-ms="321" status="PASS">
          <params>
            <param index="0">
              <value>
                <![CDATA[[TestResult name=verify_SearchOption status=FAILURE method=ManageCategoryTest.verify_SearchOption(java.lang.String)[pri:0, instance:com.supermarket1.tests.ManageCategoryTest@776aec5c] output={null}]]]>
              </value>
            </param>
          </params>
          <reporter-output>
          </reporter-output>
        </test-method> <!-- tearDown -->
        <test-method is-config="true" signature="setUp()[pri:0, instance:com.supermarket1.tests.ManageCategoryTest@776aec5c]" started-at="2022-11-10T10:59:20 IST" name="setUp" finished-at="2022-11-10T10:59:21 IST" duration-ms="1599" status="PASS">
          <reporter-output>
          </reporter-output>
        </test-method> <!-- setUp -->
        <test-method signature="verify_UpDationOfSubCategoryInformation()[pri:0, instance:com.supermarket1.tests.ManageCategoryTest@776aec5c]" started-at="2022-11-10T10:59:21 IST" name="verify_UpDationOfSubCategoryInformation" finished-at="2022-11-10T10:59:25 IST" duration-ms="3880" status="PASS">
          <reporter-output>
          </reporter-output>
        </test-method> <!-- verify_UpDationOfSubCategoryInformation -->
        <test-method is-config="true" signature="tearDown(org.testng.ITestResult)[pri:0, instance:com.supermarket1.tests.ManageCategoryTest@776aec5c]" started-at="2022-11-10T10:59:25 IST" name="tearDown" finished-at="2022-11-10T10:59:25 IST" duration-ms="195" status="PASS">
          <params>
            <param index="0">
              <value>
                <![CDATA[[TestResult name=verify_UpDationOfSubCategoryInformation status=SUCCESS method=ManageCategoryTest.verify_UpDationOfSubCategoryInformation()[pri:0, instance:com.supermarket1.tests.ManageCategoryTest@776aec5c] output={null}]]]>
              </value>
            </param>
          </params>
          <reporter-output>
          </reporter-output>
        </test-method> <!-- tearDown -->
        <test-method is-config="true" signature="setUp()[pri:0, instance:com.supermarket1.tests.ManageCategoryTest@776aec5c]" started-at="2022-11-10T10:59:25 IST" name="setUp" finished-at="2022-11-10T10:59:27 IST" duration-ms="1699" status="PASS">
          <reporter-output>
          </reporter-output>
        </test-method> <!-- setUp -->
        <test-method signature="verify_AddCategoryInManageCategory()[pri:1, instance:com.supermarket1.tests.ManageCategoryTest@776aec5c]" started-at="2022-11-10T10:59:27 IST" name="verify_AddCategoryInManageCategory" finished-at="2022-11-10T10:59:33 IST" duration-ms="5763" status="PASS">
          <reporter-output>
          </reporter-output>
        </test-method> <!-- verify_AddCategoryInManageCategory -->
        <test-method is-config="true" signature="tearDown(org.testng.ITestResult)[pri:0, instance:com.supermarket1.tests.ManageCategoryTest@776aec5c]" started-at="2022-11-10T10:59:33 IST" name="tearDown" finished-at="2022-11-10T10:59:49 IST" duration-ms="16254" status="PASS">
          <params>
            <param index="0">
              <value>
                <![CDATA[[TestResult name=verify_AddCategoryInManageCategory status=SUCCESS method=ManageCategoryTest.verify_AddCategoryInManageCategory()[pri:1, instance:com.supermarket1.tests.ManageCategoryTest@776aec5c] output={null}]]]>
              </value>
            </param>
          </params>
          <reporter-output>
          </reporter-output>
        </test-method> <!-- tearDown -->
        <test-method is-config="true" signature="setUp()[pri:0, instance:com.supermarket1.tests.ManageCategoryTest@776aec5c]" started-at="2022-11-10T10:59:52 IST" name="setUp" finished-at="2022-11-10T10:59:53 IST" duration-ms="1915" status="PASS">
          <reporter-output>
          </reporter-output>
        </test-method> <!-- setUp -->
        <test-method signature="verify_EnterSubCategoryInformation()[pri:2, instance:com.supermarket1.tests.ManageCategoryTest@776aec5c]" started-at="2022-11-10T10:59:53 IST" name="verify_EnterSubCategoryInformation" finished-at="2022-11-10T10:59:58 IST" duration-ms="4390" status="PASS">
          <reporter-output>
          </reporter-output>
        </test-method> <!-- verify_EnterSubCategoryInformation -->
        <test-method is-config="true" signature="tearDown(org.testng.ITestResult)[pri:0, instance:com.supermarket1.tests.ManageCategoryTest@776aec5c]" started-at="2022-11-10T10:59:58 IST" name="tearDown" finished-at="2022-11-10T10:59:58 IST" duration-ms="87" status="PASS">
          <params>
            <param index="0">
              <value>
                <![CDATA[[TestResult name=verify_EnterSubCategoryInformation status=SUCCESS method=ManageCategoryTest.verify_EnterSubCategoryInformation()[pri:2, instance:com.supermarket1.tests.ManageCategoryTest@776aec5c] output={null}]]]>
              </value>
            </param>
          </params>
          <reporter-output>
          </reporter-output>
        </test-method> <!-- tearDown -->
      </class> <!-- com.supermarket1.tests.ManageCategoryTest -->
      <class name="com.supermarket1.tests.AdminusersTest">
        <test-method is-config="true" signature="setUp()[pri:0, instance:com.supermarket1.tests.AdminusersTest@35d019a3]" started-at="2022-11-10T10:55:31 IST" name="setUp" finished-at="2022-11-10T10:55:33 IST" duration-ms="1706" status="PASS">
          <reporter-output>
          </reporter-output>
        </test-method> <!-- setUp -->
        <test-method signature="verify_AdminUsersInformations()[pri:0, instance:com.supermarket1.tests.AdminusersTest@35d019a3]" started-at="2022-11-10T10:55:33 IST" name="verify_AdminUsersInformations" finished-at="2022-11-10T10:55:35 IST" duration-ms="2243" status="PASS">
          <reporter-output>
          </reporter-output>
        </test-method> <!-- verify_AdminUsersInformations -->
        <test-method is-config="true" signature="tearDown(org.testng.ITestResult)[pri:0, instance:com.supermarket1.tests.AdminusersTest@35d019a3]" started-at="2022-11-10T10:55:35 IST" name="tearDown" finished-at="2022-11-10T10:55:35 IST" duration-ms="77" status="PASS">
          <params>
            <param index="0">
              <value>
                <![CDATA[[TestResult name=verify_AdminUsersInformations status=SUCCESS method=AdminusersTest.verify_AdminUsersInformations()[pri:0, instance:com.supermarket1.tests.AdminusersTest@35d019a3] output={null}]]]>
              </value>
            </param>
          </params>
          <reporter-output>
          </reporter-output>
        </test-method> <!-- tearDown -->
        <test-method is-config="true" signature="setUp()[pri:0, instance:com.supermarket1.tests.AdminusersTest@35d019a3]" started-at="2022-11-10T10:57:44 IST" name="setUp" finished-at="2022-11-10T10:57:46 IST" duration-ms="1919" status="PASS">
          <reporter-output>
          </reporter-output>
        </test-method> <!-- setUp -->
        <test-method signature="verify_SearchAdminUsersInformations(java.lang.String)[pri:0, instance:com.supermarket1.tests.AdminusersTest@35d019a3]" started-at="2022-11-10T10:57:46 IST" name="verify_SearchAdminUsersInformations" data-provider="searchadminsExcel" finished-at="2022-11-10T10:57:49 IST" duration-ms="2830" status="PASS">
          <params>
            <param index="0">
              <value>
                <![CDATA[max@08_11_2022_11_24_19]]>
              </value>
            </param>
          </params>
          <reporter-output>
          </reporter-output>
        </test-method> <!-- verify_SearchAdminUsersInformations -->
        <test-method is-config="true" signature="tearDown(org.testng.ITestResult)[pri:0, instance:com.supermarket1.tests.AdminusersTest@35d019a3]" started-at="2022-11-10T10:57:49 IST" name="tearDown" finished-at="2022-11-10T10:57:49 IST" duration-ms="153" status="PASS">
          <params>
            <param index="0">
              <value>
                <![CDATA[[TestResult name=verify_SearchAdminUsersInformations status=SUCCESS method=AdminusersTest.verify_SearchAdminUsersInformations(java.lang.String)[pri:0, instance:com.supermarket1.tests.AdminusersTest@35d019a3] output={null}]]]>
              </value>
            </param>
          </params>
          <reporter-output>
          </reporter-output>
        </test-method> <!-- tearDown -->
        <test-method is-config="true" signature="setUp()[pri:0, instance:com.supermarket1.tests.AdminusersTest@35d019a3]" started-at="2022-11-10T10:57:49 IST" name="setUp" finished-at="2022-11-10T10:57:51 IST" duration-ms="1647" status="PASS">
          <reporter-output>
          </reporter-output>
        </test-method> <!-- setUp -->
        <test-method signature="verify_SearchAdminUsersInformations(java.lang.String)[pri:0, instance:com.supermarket1.tests.AdminusersTest@35d019a3]" started-at="2022-11-10T10:57:51 IST" name="verify_SearchAdminUsersInformations" data-provider="searchadminsExcel" finished-at="2022-11-10T10:57:53 IST" duration-ms="2341" status="PASS">
          <params>
            <param index="0">
              <value>
                <![CDATA[devi12308_11_2022_11_15_44]]>
              </value>
            </param>
          </params>
          <reporter-output>
          </reporter-output>
        </test-method> <!-- verify_SearchAdminUsersInformations -->
        <test-method is-config="true" signature="tearDown(org.testng.ITestResult)[pri:0, instance:com.supermarket1.tests.AdminusersTest@35d019a3]" started-at="2022-11-10T10:57:53 IST" name="tearDown" finished-at="2022-11-10T10:57:53 IST" duration-ms="125" status="PASS">
          <params>
            <param index="0">
              <value>
                <![CDATA[[TestResult name=verify_SearchAdminUsersInformations status=SUCCESS method=AdminusersTest.verify_SearchAdminUsersInformations(java.lang.String)[pri:0, instance:com.supermarket1.tests.AdminusersTest@35d019a3] output={null}]]]>
              </value>
            </param>
          </params>
          <reporter-output>
          </reporter-output>
        </test-method> <!-- tearDown -->
        <test-method is-config="true" signature="setUp()[pri:0, instance:com.supermarket1.tests.AdminusersTest@35d019a3]" started-at="2022-11-10T10:57:53 IST" name="setUp" finished-at="2022-11-10T10:57:55 IST" duration-ms="1952" status="PASS">
          <reporter-output>
          </reporter-output>
        </test-method> <!-- setUp -->
        <test-method signature="verify_SearchAdminUsersInformations(java.lang.String)[pri:0, instance:com.supermarket1.tests.AdminusersTest@35d019a3]" started-at="2022-11-10T10:57:55 IST" name="verify_SearchAdminUsersInformations" data-provider="searchadminsExcel" finished-at="2022-11-10T10:57:57 IST" duration-ms="2319" status="PASS">
          <params>
            <param index="0">
              <value>
                <![CDATA[Fathi]]>
              </value>
            </param>
          </params>
          <reporter-output>
          </reporter-output>
        </test-method> <!-- verify_SearchAdminUsersInformations -->
        <test-method is-config="true" signature="tearDown(org.testng.ITestResult)[pri:0, instance:com.supermarket1.tests.AdminusersTest@35d019a3]" started-at="2022-11-10T10:57:57 IST" name="tearDown" finished-at="2022-11-10T10:58:14 IST" duration-ms="16232" status="PASS">
          <params>
            <param index="0">
              <value>
                <![CDATA[[TestResult name=verify_SearchAdminUsersInformations status=SUCCESS method=AdminusersTest.verify_SearchAdminUsersInformations(java.lang.String)[pri:0, instance:com.supermarket1.tests.AdminusersTest@35d019a3] output={null}]]]>
              </value>
            </param>
          </params>
          <reporter-output>
          </reporter-output>
        </test-method> <!-- tearDown -->
      </class> <!-- com.supermarket1.tests.AdminusersTest -->
      <class name="com.supermarket1.tests.LogInTest">
        <test-method is-config="true" signature="setUp()[pri:0, instance:com.supermarket1.tests.LogInTest@5b7a5baa]" started-at="2022-11-10T10:55:11 IST" name="setUp" finished-at="2022-11-10T10:55:15 IST" duration-ms="4319" status="PASS">
          <reporter-output>
          </reporter-output>
        </test-method> <!-- setUp -->
        <test-method signature="Verify_RememberMeCheckBox()[pri:0, instance:com.supermarket1.tests.LogInTest@5b7a5baa]" started-at="2022-11-10T10:55:15 IST" name="Verify_RememberMeCheckBox" finished-at="2022-11-10T10:55:15 IST" duration-ms="238" status="PASS">
          <reporter-output>
          </reporter-output>
        </test-method> <!-- Verify_RememberMeCheckBox -->
        <test-method is-config="true" signature="tearDown(org.testng.ITestResult)[pri:0, instance:com.supermarket1.tests.LogInTest@5b7a5baa]" started-at="2022-11-10T10:55:15 IST" name="tearDown" finished-at="2022-11-10T10:55:31 IST" duration-ms="16190" status="PASS">
          <params>
            <param index="0">
              <value>
                <![CDATA[[TestResult name=Verify_RememberMeCheckBox status=SUCCESS method=LogInTest.Verify_RememberMeCheckBox()[pri:0, instance:com.supermarket1.tests.LogInTest@5b7a5baa] output={null}]]]>
              </value>
            </param>
          </params>
          <reporter-output>
          </reporter-output>
        </test-method> <!-- tearDown -->
        <test-method is-config="true" signature="setUp()[pri:0, instance:com.supermarket1.tests.LogInTest@5b7a5baa]" started-at="2022-11-10T10:55:51 IST" name="setUp" finished-at="2022-11-10T10:55:53 IST" duration-ms="1827" status="PASS">
          <reporter-output>
          </reporter-output>
        </test-method> <!-- setUp -->
[...]
              <value>
                <![CDATA[Chocolates]]>
              </value>
            </param>
          </params>
          <reporter-output>
          </reporter-output>
        </test-method> <!-- verify_SearchOption -->
        <test-method is-config="true" signature="tearDown(org.testng.ITestResult)[pri:0, instance:com.supermarket1.tests.ManageExpenseTest@79079097]" started-at="2022-11-10T10:59:11 IST" name="tearDown" finished-at="2022-11-10T10:59:11 IST" duration-ms="152" status="PASS">
          <params>
            <param index="0">
              <value>
                <![CDATA[[TestResult name=verify_SearchOption status=SUCCESS method=ManageExpenseTest.verify_SearchOption(java.lang.String)[pri:0, instance:com.supermarket1.tests.ManageExpenseTest@79079097] output={null}]]]>
              </value>
            </param>
          </params>
          <reporter-output>
          </reporter-output>
        </test-method> <!-- tearDown -->
        <test-method is-config="true" signature="setUp()[pri:0, instance:com.supermarket1.tests.ManageExpenseTest@79079097]" started-at="2022-11-10T10:59:11 IST" name="setUp" finished-at="2022-11-10T10:59:13 IST" duration-ms="1867" status="PASS">
          <reporter-output>
          </reporter-output>
        </test-method> <!-- setUp -->
        <test-method signature="verify_SearchOption(java.lang.String)[pri:0, instance:com.supermarket1.tests.ManageExpenseTest@79079097]" started-at="2022-11-10T10:59:13 IST" name="verify_SearchOption" data-provider="searchcategory" finished-at="2022-11-10T10:59:15 IST" duration-ms="2222" status="PASS">
          <params>
            <param index="0">
              <value>
                <![CDATA[Vegetables]]>
              </value>
            </param>
          </params>
          <reporter-output>
          </reporter-output>
        </test-method> <!-- verify_SearchOption -->
        <test-method is-config="true" signature="tearDown(org.testng.ITestResult)[pri:0, instance:com.supermarket1.tests.ManageExpenseTest@79079097]" started-at="2022-11-10T10:59:15 IST" name="tearDown" finished-at="2022-11-10T10:59:32 IST" duration-ms="16209" status="PASS">
          <params>
            <param index="0">
              <value>
                <![CDATA[[TestResult name=verify_SearchOption status=SUCCESS method=ManageExpenseTest.verify_SearchOption(java.lang.String)[pri:0, instance:com.supermarket1.tests.ManageExpenseTest@79079097] output={null}]]]>
              </value>
            </param>
          </params>
          <reporter-output>
          </reporter-output>
        </test-method> <!-- tearDown -->
        <test-method is-config="true" signature="setUp()[pri:0, instance:com.supermarket1.tests.ManageExpenseTest@79079097]" started-at="2022-11-10T10:59:32 IST" name="setUp" finished-at="2022-11-10T10:59:34 IST" duration-ms="2115" status="PASS">
          <reporter-output>
          </reporter-output>
        </test-method> <!-- setUp -->
        <test-method signature="verify_SearchOption(java.lang.String)[pri:0, instance:com.supermarket1.tests.ManageExpenseTest@79079097]" started-at="2022-11-10T10:59:34 IST" name="verify_SearchOption" data-provider="searchcategory" finished-at="2022-11-10T10:59:36 IST" duration-ms="2534" status="PASS">
          <params>
            <param index="0">
              <value>
                <![CDATA[Grocery]]>
              </value>
            </param>
          </params>
          <reporter-output>
          </reporter-output>
        </test-method> <!-- verify_SearchOption -->
        <test-method is-config="true" signature="tearDown(org.testng.ITestResult)[pri:0, instance:com.supermarket1.tests.ManageExpenseTest@79079097]" started-at="2022-11-10T10:59:36 IST" name="tearDown" finished-at="2022-11-10T10:59:52 IST" duration-ms="16195" status="PASS">
          <params>
            <param index="0">
              <value>
                <![CDATA[[TestResult name=verify_SearchOption status=SUCCESS method=ManageExpenseTest.verify_SearchOption(java.lang.String)[pri:0, instance:com.supermarket1.tests.ManageExpenseTest@79079097] output={null}]]]>
              </value>
            </param>
          </params>
          <reporter-output>
          </reporter-output>
        </test-method> <!-- tearDown -->
      </class> <!-- com.supermarket1.tests.ManageExpenseTest -->
      <class name="com.supermarket1.tests.ManageOfferCodeTest">
        <test-method is-config="true" signature="setUp()[pri:0, instance:com.supermarket1.tests.ManageOfferCodeTest@4b2bac3f]" started-at="2022-11-10T10:58:30 IST" name="setUp" finished-at="2022-11-10T10:58:31 IST" duration-ms="1652" status="PASS">
          <reporter-output>
          </reporter-output>
        </test-method> <!-- setUp -->
        <test-method signature="verify_SearchOfferCodes(java.lang.String)[pri:0, instance:com.supermarket1.tests.ManageOfferCodeTest@4b2bac3f]" started-at="2022-11-10T10:58:31 IST" name="verify_SearchOfferCodes" data-provider="searchOffers" finished-at="2022-11-10T10:58:34 IST" duration-ms="2721" status="PASS">
          <params>
            <param index="0">
              <value>
                <![CDATA[500]]>
              </value>
            </param>
          </params>
          <reporter-output>
          </reporter-output>
        </test-method> <!-- verify_SearchOfferCodes -->
        <test-method is-config="true" signature="tearDown(org.testng.ITestResult)[pri:0, instance:com.supermarket1.tests.ManageOfferCodeTest@4b2bac3f]" started-at="2022-11-10T10:58:34 IST" name="tearDown" finished-at="2022-11-10T10:58:34 IST" duration-ms="140" status="PASS">
          <params>
            <param index="0">
              <value>
                <![CDATA[[TestResult name=verify_SearchOfferCodes status=SUCCESS method=ManageOfferCodeTest.verify_SearchOfferCodes(java.lang.String)[pri:0, instance:com.supermarket1.tests.ManageOfferCodeTest@4b2bac3f] output={null}]]]>
              </value>
            </param>
          </params>
          <reporter-output>
          </reporter-output>
        </test-method> <!-- tearDown -->
        <test-method is-config="true" signature="setUp()[pri:0, instance:com.supermarket1.tests.ManageOfferCodeTest@4b2bac3f]" started-at="2022-11-10T10:58:34 IST" name="setUp" finished-at="2022-11-10T10:58:36 IST" duration-ms="1779" status="PASS">
          <reporter-output>
          </reporter-output>
        </test-method> <!-- setUp -->
        <test-method signature="verify_SearchOfferCodes(java.lang.String)[pri:0, instance:com.supermarket1.tests.ManageOfferCodeTest@4b2bac3f]" started-at="2022-11-10T10:58:36 IST" name="verify_SearchOfferCodes" data-provider="searchOffers" finished-at="2022-11-10T10:58:38 IST" duration-ms="2222" status="PASS">
          <params>
            <param index="0">
              <value>
                <![CDATA[457]]>
              </value>
            </param>
          </params>
          <reporter-output>
          </reporter-output>
        </test-method> <!-- verify_SearchOfferCodes -->
        <test-method is-config="true" signature="tearDown(org.testng.ITestResult)[pri:0, instance:com.supermarket1.tests.ManageOfferCodeTest@4b2bac3f]" started-at="2022-11-10T10:58:38 IST" name="tearDown" finished-at="2022-11-10T10:58:54 IST" duration-ms="16205" status="PASS">
          <params>
            <param index="0">
              <value>
                <![CDATA[[TestResult name=verify_SearchOfferCodes status=SUCCESS method=ManageOfferCodeTest.verify_SearchOfferCodes(java.lang.String)[pri:0, instance:com.supermarket1.tests.ManageOfferCodeTest@4b2bac3f] output={null}]]]>
              </value>
            </param>
          </params>
          <reporter-output>
          </reporter-output>
        </test-method> <!-- tearDown -->
        <test-method is-config="true" signature="setUp()[pri:0, instance:com.supermarket1.tests.ManageOfferCodeTest@4b2bac3f]" started-at="2022-11-10T10:58:54 IST" name="setUp" finished-at="2022-11-10T10:58:56 IST" duration-ms="1511" status="PASS">
          <reporter-output>
          </reporter-output>
        </test-method> <!-- setUp -->
        <test-method signature="verify_SearchOfferCodes(java.lang.String)[pri:0, instance:com.supermarket1.tests.ManageOfferCodeTest@4b2bac3f]" started-at="2022-11-10T10:58:56 IST" name="verify_SearchOfferCodes" data-provider="searchOffers" finished-at="2022-11-10T10:58:58 IST" duration-ms="2469" status="PASS">
          <params>
            <param index="0">
              <value>
                <![CDATA[107]]>
              </value>
            </param>
          </params>
          <reporter-output>
          </reporter-output>
        </test-method> <!-- verify_SearchOfferCodes -->
        <test-method is-config="true" signature="tearDown(org.testng.ITestResult)[pri:0, instance:com.supermarket1.tests.ManageOfferCodeTest@4b2bac3f]" started-at="2022-11-10T10:58:58 IST" name="tearDown" finished-at="2022-11-10T10:58:58 IST" duration-ms="102" status="PASS">
          <params>
            <param index="0">
              <value>
                <![CDATA[[TestResult name=verify_SearchOfferCodes status=SUCCESS method=ManageOfferCodeTest.verify_SearchOfferCodes(java.lang.String)[pri:0, instance:com.supermarket1.tests.ManageOfferCodeTest@4b2bac3f] output={null}]]]>
              </value>
            </param>
          </params>
          <reporter-output>
          </reporter-output>
        </test-method> <!-- tearDown -->
        <test-method is-config="true" signature="setUp()[pri:0, instance:com.supermarket1.tests.ManageOfferCodeTest@4b2bac3f]" started-at="2022-11-10T10:58:58 IST" name="setUp" finished-at="2022-11-10T10:59:00 IST" duration-ms="1870" status="PASS">
          <reporter-output>
          </reporter-output>
        </test-method> <!-- setUp -->
        <test-method signature="verify_SearchOfferCodes(java.lang.String)[pri:0, instance:com.supermarket1.tests.ManageOfferCodeTest@4b2bac3f]" started-at="2022-11-10T10:59:00 IST" name="verify_SearchOfferCodes" data-provider="searchOffers" finished-at="2022-11-10T10:59:03 IST" duration-ms="2669" status="PASS">
          <params>
            <param index="0">
              <value>
                <![CDATA[102]]>
              </value>
            </param>
          </params>
          <reporter-output>
          </reporter-output>
        </test-method> <!-- verify_SearchOfferCodes -->
        <test-method is-config="true" signature="tearDown(org.testng.ITestResult)[pri:0, instance:com.supermarket1.tests.ManageOfferCodeTest@4b2bac3f]" started-at="2022-11-10T10:59:03 IST" name="tearDown" finished-at="2022-11-10T10:59:03 IST" duration-ms="168" status="PASS">
          <params>
            <param index="0">
              <value>
                <![CDATA[[TestResult name=verify_SearchOfferCodes status=SUCCESS method=ManageOfferCodeTest.verify_SearchOfferCodes(java.lang.String)[pri:0, instance:com.supermarket1.tests.ManageOfferCodeTest@4b2bac3f] output={null}]]]>
              </value>
            </param>
          </params>
          <reporter-output>
          </reporter-output>
        </test-method> <!-- tearDown -->
        <test-method is-config="true" signature="setUp()[pri:0, instance:com.supermarket1.tests.ManageOfferCodeTest@4b2bac3f]" started-at="2022-11-10T11:00:57 IST" name="setUp" finished-at="2022-11-10T11:00:59 IST" duration-ms="1799" status="PASS">
          <reporter-output>
          </reporter-output>
        </test-method> <!-- setUp -->
        <test-method signature="verify_EnterOfferInformations()[pri:1, instance:com.supermarket1.tests.ManageOfferCodeTest@4b2bac3f]" started-at="2022-11-10T11:00:59 IST" name="verify_EnterOfferInformations" finished-at="2022-11-10T11:01:14 IST" duration-ms="15341" status="FAIL">
          <exception class="org.openqa.selenium.NoSuchElementException">
            <message>
              <![CDATA[no such element: Unable to locate element: {"method":"xpath","selector":"//div[@class='alert alert-success alert-dismissible']"}
  (Session info: chrome=107.0.5304.107)
For documentation on this error, please visit: https://selenium.dev/exceptions/#no_such_element
Build info: version: '4.3.0', revision: 'a4995e2c09*'
System info: host: 'LAPTOP-N7T8FIF4', ip: '192.168.18.69', os.name: 'Windows 11', os.arch: 'amd64', os.version: '10.0', java.version: '17.0.3.1'
Driver info: org.openqa.selenium.chrome.ChromeDriver
Command: [2277cd19b09e38971d9b1bcadcbb4d45, findElement {using=xpath, value=//div[@class='alert alert-success alert-dismissible']}]
Capabilities {acceptInsecureCerts: false, browserName: chrome, browserVersion: 107.0.5304.107, chrome: {chromedriverVersion: 107.0.5304.62 (1eec40d3a576..., userDataDir: C:\Users\lenovo\AppData\Loc...}, goog:chromeOptions: {debuggerAddress: localhost:55990}, networkConnectionEnabled: false, pageLoadStrategy: normal, platformName: WINDOWS, proxy: Proxy(), se:cdp: ws://localhost:55990/devtoo..., se:cdpVersion: 107.0.5304.107, setWindowRect: true, strictFileInteractability: false, timeouts: {implicit: 0, pageLoad: 300000, script: 30000}, unhandledPromptBehavior: dismiss and notify, webauthn:extension:credBlob: true, webauthn:extension:largeBlob: true, webauthn:virtualAuthenticators: true}
Session ID: 2277cd19b09e38971d9b1bcadcbb4d45]]>
            </message>
            <full-stacktrace>
              <![CDATA[org.openqa.selenium.NoSuchElementException: no such element: Unable to locate element: {"method":"xpath","selector":"//div[@class='alert alert-success alert-dismissible']"}
  (Session info: chrome=107.0.5304.107)
For documentation on this error, please visit: https://selenium.dev/exceptions/#no_such_element
Build info: version: '4.3.0', revision: 'a4995e2c09*'
System info: host: 'LAPTOP-N7T8FIF4', ip: '192.168.18.69', os.name: 'Windows 11', os.arch: 'amd64', os.version: '10.0', java.version: '17.0.3.1'
Driver info: org.openqa.selenium.chrome.ChromeDriver
Command: [2277cd19b09e38971d9b1bcadcbb4d45, findElement {using=xpath, value=//div[@class='alert alert-success alert-dismissible']}]
Capabilities {acceptInsecureCerts: false, browserName: chrome, browserVersion: 107.0.5304.107, chrome: {chromedriverVersion: 107.0.5304.62 (1eec40d3a576..., userDataDir: C:\Users\lenovo\AppData\Loc...}, goog:chromeOptions: {debuggerAddress: localhost:55990}, networkConnectionEnabled: false, pageLoadStrategy: normal, platformName: WINDOWS, proxy: Proxy(), se:cdp: ws://localhost:55990/devtoo..., se:cdpVersion: 107.0.5304.107, setWindowRect: true, strictFileInteractability: false, timeouts: {implicit: 0, pageLoad: 300000, script: 30000}, unhandledPromptBehavior: dismiss and notify, webauthn:extension:credBlob: true, webauthn:extension:largeBlob: true, webauthn:virtualAuthenticators: true}
Session ID: 2277cd19b09e38971d9b1bcadcbb4d45
at java.base/jdk.internal.reflect.NativeConstructorAccessorImpl.newInstance0(Native Method)
at java.base/jdk.internal.reflect.NativeConstructorAccessorImpl.newInstance(NativeConstructorAccessorImpl.java:77)
at java.base/jdk.internal.reflect.DelegatingConstructorAccessorImpl.newInstance(DelegatingConstructorAccessorImpl.java:45)
at java.base/java.lang.reflect.Constructor.newInstanceWithCaller(Constructor.java:499)
at java.base/java.lang.reflect.Constructor.newInstance(Constructor.java:480)
at org.openqa.selenium.remote.codec.w3c.W3CHttpResponseCodec.createException(W3CHttpResponseCodec.java:200)
at org.openqa.selenium.remote.codec.w3c.W3CHttpResponseCodec.decode(W3CHttpResponseCodec.java:133)
at org.openqa.selenium.remote.codec.w3c.W3CHttpResponseCodec.decode(W3CHttpResponseCodec.java:53)
at org.openqa.selenium.remote.HttpCommandExecutor.execute(HttpCommandExecutor.java:184)
at org.openqa.selenium.remote.service.DriverCommandExecutor.invokeExecute(DriverCommandExecutor.java:167)
at org.openqa.selenium.remote.service.DriverCommandExecutor.execute(DriverCommandExecutor.java:142)
at org.openqa.selenium.remote.RemoteWebDriver.execute(RemoteWebDriver.java:569)
at org.openqa.selenium.remote.ElementLocation$ElementFinder$2.findElement(ElementLocation.java:162)
at org.openqa.selenium.remote.ElementLocation.findElement(ElementLocation.java:60)
at org.openqa.selenium.remote.RemoteWebDriver.findElement(RemoteWebDriver.java:387)
at org.openqa.selenium.remote.RemoteWebDriver.findElement(RemoteWebDriver.java:379)
at org.openqa.selenium.support.pagefactory.DefaultElementLocator.findElement(DefaultElementLocator.java:70)
at org.openqa.selenium.support.pagefactory.internal.LocatingElementHandler.invoke(LocatingElementHandler.java:39)
at jdk.proxy2/jdk.proxy2.$Proxy17.getAttribute(Unknown Source)
at com.supermarket1.utilities.GeneralUtility.get_Attribute(GeneralUtility.java:63)
at com.supermarket1.pages.ManageOfferCodePage.get_SucessAlert(ManageOfferCodePage.java:97)
at com.supermarket1.tests.ManageOfferCodeTest.verify_EnterOfferInformations(ManageOfferCodeTest.java:41)
at java.base/jdk.internal.reflect.NativeMethodAccessorImpl.invoke0(Native Method)
at java.base/jdk.internal.reflect.NativeMethodAccessorImpl.invoke(NativeMethodAccessorImpl.java:77)
at java.base/jdk.internal.reflect.DelegatingMethodAccessorImpl.invoke(DelegatingMethodAccessorImpl.java:43)
at java.base/java.lang.reflect.Method.invoke(Method.java:568)
at org.testng.internal.MethodInvocationHelper.invokeMethod(MethodInvocationHelper.java:133)
at org.testng.internal.TestInvoker.invokeMethod(TestInvoker.java:598)
at org.testng.internal.TestInvoker.invokeTestMethod(TestInvoker.java:173)
at org.testng.internal.MethodRunner.runInSequence(MethodRunner.java:46)
at org.testng.internal.TestInvoker$MethodInvocationAgent.invoke(TestInvoker.java:824)
at org.testng.internal.TestInvoker.invokeTestMethods(TestInvoker.java:146)
at org.testng.internal.TestMethodWorker.invokeTestMethods(TestMethodWorker.java:146)
at org.testng.internal.TestMethodWorker.run(TestMethodWorker.java:128)
at java.base/java.util.ArrayList.forEach(ArrayList.java:1511)
at org.testng.TestRunner.privateRun(TestRunner.java:794)
at org.testng.TestRunner.run(TestRunner.java:596)
at org.testng.SuiteRunner.runTest(SuiteRunner.java:377)
at org.testng.SuiteRunner.access$000(SuiteRunner.java:28)
at org.testng.SuiteRunner$SuiteWorker.run(SuiteRunner.java:418)
at org.testng.internal.thread.ThreadUtil.lambda$execute$0(ThreadUtil.java:64)
at java.base/java.util.concurrent.FutureTask.run(FutureTask.java:264)
at java.base/java.util.concurrent.ThreadPoolExecutor.runWorker(ThreadPoolExecutor.java:1136)
at java.base/java.util.concurrent.ThreadPoolExecutor$Worker.run(ThreadPoolExecutor.java:635)
at java.base/java.lang.Thread.run(Thread.java:833)
]]>
            </full-stacktrace>
          </exception> <!-- org.openqa.selenium.NoSuchElementException -->
          <reporter-output>
          </reporter-output>
        </test-method> <!-- verify_EnterOfferInformations -->
        <test-method is-config="true" signature="tearDown(org.testng.ITestResult)[pri:0, instance:com.supermarket1.tests.ManageOfferCodeTest@4b2bac3f]" started-at="2022-11-10T11:01:14 IST" name="tearDown" finished-at="2022-11-10T11:01:31 IST" duration-ms="16484" status="PASS">
          <params>
            <param index="0">
              <value>
                <![CDATA[[TestResult name=verify_EnterOfferInformations status=FAILURE method=ManageOfferCodeTest.verify_EnterOfferInformations()[pri:1, instance:com.supermarket1.tests.ManageOfferCodeTest@4b2bac3f] output={null}]]]>
              </value>
            </param>
          </params>
          <reporter-output>
          </reporter-output>
        </test-method> <!-- tearDown -->
      </class> <!-- com.supermarket1.tests.ManageOfferCodeTest -->
    </test> <!-- Run Module 2 -->
  </suite> <!-- Regression build run -->
</testng-results>
