<?xml version="1.0" encoding="UTF-8"?>
<testng-results ignored="0" total="1" passed="1" failed="0" skipped="0">
  <reporter-output>
  </reporter-output>
  <suite started-at="2022-11-07T21:37:13 IST" name="Default suite" finished-at="2022-11-07T21:37:22 IST" duration-ms="9231">
    <groups>
    </groups>
    <test started-at="2022-11-07T21:37:13 IST" name="Default test" finished-at="2022-11-07T21:37:22 IST" duration-ms="9231">
      <class name="com.supermarket1.tests.ManageOfferCodeTest">
        <test-method is-config="true" signature="setUp()[pri:0, instance:com.supermarket1.tests.ManageOfferCodeTest@5b8dfcc1]" started-at="2022-11-07T21:37:13 IST" name="setUp" finished-at="2022-11-07T21:37:16 IST" duration-ms="3366" status="PASS">
          <reporter-output>
          </reporter-output>
        </test-method> <!-- setUp -->
        <test-method signature="verify_ResetListOrders()[pri:0, instance:com.supermarket1.tests.ManageOfferCodeTest@5b8dfcc1]" started-at="2022-11-07T21:37:16 IST" name="verify_ResetListOrders" finished-at="2022-11-07T21:37:22 IST" duration-ms="5815" status="PASS">
          <reporter-output>
          </reporter-output>
        </test-method> <!-- verify_ResetListOrders -->
      </class> <!-- com.supermarket1.tests.ManageOfferCodeTest -->
    </test> <!-- Default test -->
  </suite> <!-- Default suite -->
</testng-results>
